1 [SwanLab-INFO]:        Experiment rmb_classifer_Mar03_21-54-11 has been registered.
2 [SwanLab-INFO]:        Run data will be saved locally in C:\Users\94427\kashiwa\Pytorch-Camp\hello_pytorch\lesson\lesson-17\swanlog\run-20240303_215411-c386bbc4
3 [SwanLab-INFO]:        Experiment_name: rmb_classifer_Mar03_21-54-11
4 [SwanLab-INFO]:        Run `swanlab watch` to view SwanLab Experiment Dashboard
5 Training:Epoch[000/010] Iteration[010/010] Loss: 0.6638 Acc:63.12%
6 Valid:	 Epoch[000/010] Iteration[002/002] Loss: 0.9017 Acc:63.12%
7 Training:Epoch[001/010] Iteration[010/010] Loss: 0.3850 Acc:88.12%
8 Valid:	 Epoch[001/010] Iteration[002/002] Loss: 0.0196 Acc:88.12%
9 Training:Epoch[002/010] Iteration[010/010] Loss: 0.0840 Acc:97.50%
10 Valid:	 Epoch[002/010] Iteration[002/002] Loss: 0.0001 Acc:97.50%
11 Training:Epoch[003/010] Iteration[010/010] Loss: 0.0815 Acc:96.88%
12 Valid:	 Epoch[003/010] Iteration[002/002] Loss: 0.0000 Acc:96.88%
13 Training:Epoch[004/010] Iteration[010/010] Loss: 0.2388 Acc:91.88%
14 Valid:	 Epoch[004/010] Iteration[002/002] Loss: 0.0086 Acc:91.88%
15 Training:Epoch[005/010] Iteration[010/010] Loss: 0.0728 Acc:96.88%
16 Valid:	 Epoch[005/010] Iteration[002/002] Loss: 0.0004 Acc:96.88%
17 Training:Epoch[006/010] Iteration[010/010] Loss: 0.0795 Acc:96.88%
18 Valid:	 Epoch[006/010] Iteration[002/002] Loss: 0.0000 Acc:96.88%
19 Training:Epoch[007/010] Iteration[010/010] Loss: 0.0074 Acc:99.38%
20 Valid:	 Epoch[007/010] Iteration[002/002] Loss: 0.0001 Acc:99.38%
21 Training:Epoch[008/010] Iteration[010/010] Loss: 0.0253 Acc:98.75%
22 Valid:	 Epoch[008/010] Iteration[002/002] Loss: 0.0000 Acc:98.75%
23 Training:Epoch[009/010] Iteration[010/010] Loss: 0.0021 Acc:100.00%
24 Valid:	 Epoch[009/010] Iteration[002/002] Loss: 0.0000 Acc:100.00%
25 [SwanLab-INFO]:        The current experiment rmb_classifer_Mar03_21-54-11 has been completed, SwanLab will close it automatically
