1 [SwanLab-INFO]:        Experiment finetune_resnet-18_freeze_Mar06_19-33-20 has been registered.
2 [SwanLab-INFO]:        Run data will be saved locally in D:\Pytorch-Swanlab\hello_pytorch\lesson\lesson-29\swanlog\run-20240306_193320-c386bbc4
3 [SwanLab-INFO]:        Experiment_name: finetune_resnet-18_freeze_Mar06_19-33-20
4 [SwanLab-INFO]:        Run `swanlab watch` to view SwanLab Experiment Dashboard
5 Training:Epoch[000/025] Iteration[010/016] Loss: 0.6755 Acc:59.38%
6 epoch:0 conv1.weights[0, 0, ...] :
7  tensor([[-0.0112, -0.0069, -0.0025,  0.0742,  0.0561,  0.0167, -0.0130],
8         [ 0.0103,  0.0088, -0.1107, -0.2812, -0.2718, -0.1294,  0.0035],
9         [-0.0077,  0.0583,  0.2946,  0.5866,  0.5191,  0.2559,  0.0632],
10         [ 0.0297, -0.0678, -0.2993, -0.4394, -0.2716, -0.0011,  0.0572],
11         [-0.0283,  0.0153,  0.0718, -0.0549, -0.3336, -0.4212, -0.2583],
12         [ 0.0298,  0.0402,  0.0620,  0.2381,  0.4131,  0.3929,  0.1655],
13         [-0.0146, -0.0045, -0.0249, -0.0667, -0.1515, -0.0830, -0.0065]],
14        device='cuda:0', grad_fn=<SelectBackward0>)

15 Valid:	 Epoch[000/025] Iteration[010/010] Loss: 0.4681 Acc:77.78%
16 Training:Epoch[001/025] Iteration[010/016] Loss: 0.3845 Acc:81.88%
17 epoch:1 conv1.weights[0, 0, ...] :
18  tensor([[-0.0123, -0.0077, -0.0031,  0.0737,  0.0557,  0.0164, -0.0132],
19         [ 0.0094,  0.0081, -0.1113, -0.2817, -0.2721, -0.1299,  0.0033],
20         [-0.0085,  0.0576,  0.2939,  0.5860,  0.5186,  0.2553,  0.0629],
21         [ 0.0288, -0.0685, -0.3000, -0.4401, -0.2722, -0.0018,  0.0567],
22         [-0.0293,  0.0147,  0.0711, -0.0556, -0.3343, -0.4219, -0.2589],
23         [ 0.0289,  0.0396,  0.0614,  0.2375,  0.4124,  0.3922,  0.1649],
24         [-0.0154, -0.0050, -0.0255, -0.0673, -0.1522, -0.0838, -0.0071]],
25        device='cuda:0', grad_fn=<SelectBackward0>)

26 Valid:	 Epoch[001/025] Iteration[010/010] Loss: 0.2152 Acc:94.77%
27 Training:Epoch[002/025] Iteration[010/016] Loss: 0.2752 Acc:89.38%
28 epoch:2 conv1.weights[0, 0, ...] :
29  tensor([[-0.0117, -0.0071, -0.0023,  0.0745,  0.0565,  0.0169, -0.0127],
30         [ 0.0101,  0.0090, -0.1103, -0.2807, -0.2712, -0.1290,  0.0043],
31         [-0.0077,  0.0585,  0.2949,  0.5866,  0.5194,  0.2561,  0.0638],
32         [ 0.0298, -0.0676, -0.2990, -0.4394, -0.2715, -0.0011,  0.0574],
33         [-0.0283,  0.0155,  0.0719, -0.0550, -0.3335, -0.4212, -0.2581],
34         [ 0.0300,  0.0404,  0.0621,  0.2383,  0.4134,  0.3931,  0.1661],
35         [-0.0144, -0.0043, -0.0248, -0.0666, -0.1513, -0.0828, -0.0059]],
36        device='cuda:0', grad_fn=<SelectBackward0>)

37 Valid:	 Epoch[002/025] Iteration[010/010] Loss: 0.2132 Acc:93.46%
38 Training:Epoch[003/025] Iteration[010/016] Loss: 0.2457 Acc:88.75%
39 epoch:3 conv1.weights[0, 0, ...] :
40  tensor([[-0.0121, -0.0073, -0.0023,  0.0743,  0.0562,  0.0166, -0.0129],
41         [ 0.0097,  0.0088, -0.1104, -0.2809, -0.2713, -0.1292,  0.0042],
42         [-0.0078,  0.0585,  0.2949,  0.5866,  0.5195,  0.2561,  0.0636],
43         [ 0.0299, -0.0675, -0.2988, -0.4393, -0.2715, -0.0011,  0.0573],
44         [-0.0281,  0.0158,  0.0723, -0.0548, -0.3335, -0.4210, -0.2580],
45         [ 0.0305,  0.0409,  0.0627,  0.2387,  0.4135,  0.3935,  0.1665],
46         [-0.0138, -0.0037, -0.0242, -0.0660, -0.1506, -0.0822, -0.0053]],
47        device='cuda:0', grad_fn=<SelectBackward0>)

48 Valid:	 Epoch[003/025] Iteration[010/010] Loss: 0.1918 Acc:94.12%
49 Training:Epoch[004/025] Iteration[010/016] Loss: 0.3038 Acc:85.00%
50 epoch:4 conv1.weights[0, 0, ...] :
51  tensor([[-0.0127, -0.0081, -0.0030,  0.0736,  0.0555,  0.0159, -0.0135],
52         [ 0.0094,  0.0085, -0.1109, -0.2814, -0.2721, -0.1298,  0.0035],
53         [-0.0080,  0.0583,  0.2946,  0.5861,  0.5188,  0.2554,  0.0630],
54         [ 0.0298, -0.0676, -0.2988, -0.4394, -0.2720, -0.0017,  0.0566],
55         [-0.0282,  0.0160,  0.0727, -0.0547, -0.3338, -0.4215, -0.2585],
56         [ 0.0308,  0.0415,  0.0634,  0.2390,  0.4135,  0.3932,  0.1661],
57         [-0.0132, -0.0031, -0.0235, -0.0655, -0.1504, -0.0822, -0.0054]],
58        device='cuda:0', grad_fn=<SelectBackward0>)

59 Valid:	 Epoch[004/025] Iteration[010/010] Loss: 0.3851 Acc:86.93%
60 Training:Epoch[005/025] Iteration[010/016] Loss: 0.2029 Acc:91.88%
61 epoch:5 conv1.weights[0, 0, ...] :
62  tensor([[-0.0137, -0.0093, -0.0040,  0.0726,  0.0545,  0.0149, -0.0145],
63         [ 0.0085,  0.0074, -0.1119, -0.2823, -0.2731, -0.1308,  0.0025],
64         [-0.0087,  0.0572,  0.2938,  0.5852,  0.5177,  0.2544,  0.0622],
65         [ 0.0291, -0.0685, -0.2996, -0.4403, -0.2731, -0.0028,  0.0556],
66         [-0.0290,  0.0150,  0.0720, -0.0557, -0.3349, -0.4225, -0.2596],
67         [ 0.0300,  0.0406,  0.0627,  0.2380,  0.4126,  0.3923,  0.1650],
68         [-0.0138, -0.0040, -0.0241, -0.0663, -0.1512, -0.0830, -0.0063]],
69        device='cuda:0', grad_fn=<SelectBackward0>)

70 Valid:	 Epoch[005/025] Iteration[010/010] Loss: 0.2105 Acc:93.46%
71 Training:Epoch[006/025] Iteration[010/016] Loss: 0.1296 Acc:94.38%
72 epoch:6 conv1.weights[0, 0, ...] :
73  tensor([[-0.0150, -0.0105, -0.0049,  0.0719,  0.0537,  0.0142, -0.0149],
74         [ 0.0071,  0.0061, -0.1130, -0.2831, -0.2739, -0.1317,  0.0018],
75         [-0.0101,  0.0558,  0.2926,  0.5843,  0.5168,  0.2535,  0.0615],
76         [ 0.0276, -0.0701, -0.3010, -0.4413, -0.2740, -0.0037,  0.0549],
77         [-0.0306,  0.0133,  0.0703, -0.0573, -0.3360, -0.4234, -0.2604],
78         [ 0.0284,  0.0389,  0.0612,  0.2364,  0.4113,  0.3914,  0.1644],
79         [-0.0156, -0.0059, -0.0258, -0.0682, -0.1527, -0.0843, -0.0073]],
80        device='cuda:0', grad_fn=<SelectBackward0>)

81 Valid:	 Epoch[006/025] Iteration[010/010] Loss: 0.2368 Acc:94.12%
82 Training:Epoch[007/025] Iteration[010/016] Loss: 0.1403 Acc:95.00%
83 epoch:7 conv1.weights[0, 0, ...] :
84  tensor([[-0.0153, -0.0109, -0.0052,  0.0715,  0.0534,  0.0139, -0.0151],
85         [ 0.0067,  0.0058, -0.1132, -0.2834, -0.2742, -0.1320,  0.0015],
86         [-0.0105,  0.0555,  0.2923,  0.5841,  0.5166,  0.2533,  0.0612],
87         [ 0.0273, -0.0705, -0.3013, -0.4415, -0.2742, -0.0039,  0.0546],
88         [-0.0309,  0.0129,  0.0699, -0.0577, -0.3363, -0.4236, -0.2607],
89         [ 0.0280,  0.0384,  0.0608,  0.2360,  0.4109,  0.3912,  0.1641],
90         [-0.0161, -0.0064, -0.0263, -0.0687, -0.1532, -0.0846, -0.0075]],
91        device='cuda:0', grad_fn=<SelectBackward0>)

92 Valid:	 Epoch[007/025] Iteration[010/010] Loss: 0.2516 Acc:93.46%
93 Training:Epoch[008/025] Iteration[010/016] Loss: 0.1012 Acc:97.50%
94 epoch:8 conv1.weights[0, 0, ...] :
95  tensor([[-0.0152, -0.0108, -0.0051,  0.0717,  0.0535,  0.0140, -0.0150],
96         [ 0.0068,  0.0059, -0.1131, -0.2833, -0.2740, -0.1319,  0.0016],
97         [-0.0104,  0.0556,  0.2925,  0.5843,  0.5168,  0.2534,  0.0613],
98         [ 0.0274, -0.0704, -0.3012, -0.4414, -0.2740, -0.0038,  0.0547],
99         [-0.0308,  0.0131,  0.0701, -0.0575, -0.3361, -0.4235, -0.2606],
100         [ 0.0281,  0.0386,  0.0609,  0.2361,  0.4111,  0.3913,  0.1642],
101         [-0.0160, -0.0063, -0.0262, -0.0686, -0.1530, -0.0845, -0.0074]],
102        device='cuda:0', grad_fn=<SelectBackward0>)

103 Valid:	 Epoch[008/025] Iteration[010/010] Loss: 0.2142 Acc:94.12%
104 Training:Epoch[009/025] Iteration[010/016] Loss: 0.0905 Acc:97.50%
105 epoch:9 conv1.weights[0, 0, ...] :
106  tensor([[-0.0151, -0.0107, -0.0050,  0.0717,  0.0536,  0.0140, -0.0150],
107         [ 0.0069,  0.0059, -0.1130, -0.2832, -0.2740, -0.1319,  0.0017],
108         [-0.0103,  0.0557,  0.2925,  0.5843,  0.5168,  0.2535,  0.0614],
109         [ 0.0275, -0.0703, -0.3011, -0.4413, -0.2740, -0.0037,  0.0548],
110         [-0.0307,  0.0132,  0.0702, -0.0575, -0.3361, -0.4234, -0.2605],
111         [ 0.0282,  0.0387,  0.0610,  0.2362,  0.4111,  0.3914,  0.1643],
112         [-0.0159, -0.0062, -0.0261, -0.0685, -0.1530, -0.0844, -0.0073]],
113        device='cuda:0', grad_fn=<SelectBackward0>)

114 Valid:	 Epoch[009/025] Iteration[010/010] Loss: 0.2251 Acc:94.12%
115 Training:Epoch[010/025] Iteration[010/016] Loss: 0.1161 Acc:96.25%
116 epoch:10 conv1.weights[0, 0, ...] :
117  tensor([[-0.0152, -0.0108, -0.0051,  0.0717,  0.0535,  0.0140, -0.0150],
118         [ 0.0068,  0.0059, -0.1131, -0.2833, -0.2740, -0.1319,  0.0016],
119         [-0.0103,  0.0557,  0.2925,  0.5843,  0.5168,  0.2535,  0.0614],
120         [ 0.0274, -0.0704, -0.3012, -0.4414, -0.2740, -0.0037,  0.0547],
121         [-0.0308,  0.0131,  0.0701, -0.0575, -0.3361, -0.4235, -0.2605],
122         [ 0.0282,  0.0386,  0.0609,  0.2361,  0.4111,  0.3913,  0.1643],
123         [-0.0160, -0.0063, -0.0262, -0.0686, -0.1530, -0.0845, -0.0074]],
124        device='cuda:0', grad_fn=<SelectBackward0>)

125 Valid:	 Epoch[010/025] Iteration[010/010] Loss: 0.2027 Acc:94.12%
126 Training:Epoch[011/025] Iteration[010/016] Loss: 0.1518 Acc:92.50%
127 epoch:11 conv1.weights[0, 0, ...] :
128  tensor([[-0.0151, -0.0107, -0.0050,  0.0717,  0.0535,  0.0140, -0.0150],
129         [ 0.0069,  0.0060, -0.1130, -0.2832, -0.2740, -0.1319,  0.0016],
130         [-0.0103,  0.0557,  0.2925,  0.5843,  0.5168,  0.2534,  0.0613],
131         [ 0.0274, -0.0704, -0.3012, -0.4414, -0.2741, -0.0038,  0.0547],
132         [-0.0308,  0.0131,  0.0701, -0.0575, -0.3361, -0.4235, -0.2605],
133         [ 0.0281,  0.0386,  0.0609,  0.2361,  0.4111,  0.3913,  0.1642],
134         [-0.0160, -0.0063, -0.0262, -0.0686, -0.1531, -0.0845, -0.0074]],
135        device='cuda:0', grad_fn=<SelectBackward0>)

136 Valid:	 Epoch[011/025] Iteration[010/010] Loss: 0.2154 Acc:93.46%
137 Training:Epoch[012/025] Iteration[010/016] Loss: 0.1291 Acc:93.75%
138 epoch:12 conv1.weights[0, 0, ...] :
139  tensor([[-0.0150, -0.0106, -0.0049,  0.0717,  0.0535,  0.0140, -0.0150],
140         [ 0.0070,  0.0060, -0.1130, -0.2833, -0.2741, -0.1319,  0.0016],
141         [-0.0103,  0.0557,  0.2925,  0.5843,  0.5167,  0.2534,  0.0613],
142         [ 0.0275, -0.0703, -0.3012, -0.4414, -0.2741, -0.0038,  0.0547],
143         [-0.0307,  0.0131,  0.0701, -0.0575, -0.3362, -0.4235, -0.2605],
144         [ 0.0282,  0.0386,  0.0609,  0.2361,  0.4111,  0.3913,  0.1642],
145         [-0.0160, -0.0063, -0.0262, -0.0687, -0.1531, -0.0845, -0.0074]],
146        device='cuda:0', grad_fn=<SelectBackward0>)

147 Valid:	 Epoch[012/025] Iteration[010/010] Loss: 0.2205 Acc:93.46%
148 Training:Epoch[013/025] Iteration[010/016] Loss: 0.1219 Acc:96.88%
149 epoch:13 conv1.weights[0, 0, ...] :
150  tensor([[-0.0149, -0.0106, -0.0049,  0.0717,  0.0535,  0.0140, -0.0150],
151         [ 0.0070,  0.0060, -0.1130, -0.2833, -0.2741, -0.1320,  0.0016],
152         [-0.0103,  0.0557,  0.2925,  0.5843,  0.5167,  0.2534,  0.0613],
153         [ 0.0275, -0.0704, -0.3012, -0.4414, -0.2741, -0.0038,  0.0547],
154         [-0.0308,  0.0131,  0.0701, -0.0575, -0.3362, -0.4235, -0.2606],
155         [ 0.0281,  0.0386,  0.0609,  0.2360,  0.4110,  0.3912,  0.1642],
156         [-0.0161, -0.0064, -0.0263, -0.0687, -0.1532, -0.0846, -0.0075]],
157        device='cuda:0', grad_fn=<SelectBackward0>)

158 Valid:	 Epoch[013/025] Iteration[010/010] Loss: 0.2184 Acc:94.12%
159 Training:Epoch[014/025] Iteration[010/016] Loss: 0.1081 Acc:96.25%
160 epoch:14 conv1.weights[0, 0, ...] :
161  tensor([[-0.0149, -0.0105, -0.0049,  0.0717,  0.0535,  0.0140, -0.0149],
162         [ 0.0070,  0.0060, -0.1130, -0.2832, -0.2740, -0.1319,  0.0017],
163         [-0.0102,  0.0557,  0.2926,  0.5843,  0.5168,  0.2534,  0.0614],
164         [ 0.0275, -0.0703, -0.3012, -0.4414, -0.2740, -0.0037,  0.0548],
165         [-0.0307,  0.0131,  0.0701, -0.0575, -0.3361, -0.4235, -0.2605],
166         [ 0.0281,  0.0386,  0.0609,  0.2361,  0.4111,  0.3913,  0.1642],
167         [-0.0160, -0.0063, -0.0262, -0.0687, -0.1531, -0.0845, -0.0075]],
168        device='cuda:0', grad_fn=<SelectBackward0>)

169 Valid:	 Epoch[014/025] Iteration[010/010] Loss: 0.2178 Acc:92.81%
170 Training:Epoch[015/025] Iteration[010/016] Loss: 0.1218 Acc:94.38%
171 epoch:15 conv1.weights[0, 0, ...] :
172  tensor([[-0.0149, -0.0105, -0.0049,  0.0717,  0.0535,  0.0140, -0.0149],
173         [ 0.0070,  0.0060, -0.1130, -0.2832, -0.2740, -0.1319,  0.0016],
174         [-0.0103,  0.0557,  0.2925,  0.5843,  0.5168,  0.2534,  0.0614],
175         [ 0.0275, -0.0703, -0.3012, -0.4414, -0.2740, -0.0037,  0.0548],
176         [-0.0307,  0.0131,  0.0701, -0.0575, -0.3361, -0.4235, -0.2605],
177         [ 0.0281,  0.0386,  0.0609,  0.2361,  0.4111,  0.3912,  0.1642],
178         [-0.0160, -0.0063, -0.0262, -0.0687, -0.1531, -0.0846, -0.0075]],
179        device='cuda:0', grad_fn=<SelectBackward0>)

180 Valid:	 Epoch[015/025] Iteration[010/010] Loss: 0.2183 Acc:94.12%
181 Training:Epoch[016/025] Iteration[010/016] Loss: 0.0949 Acc:95.62%
182 epoch:16 conv1.weights[0, 0, ...] :
183  tensor([[-0.0149, -0.0105, -0.0049,  0.0717,  0.0535,  0.0140, -0.0149],
184         [ 0.0070,  0.0060, -0.1130, -0.2833, -0.2740, -0.1319,  0.0016],
185         [-0.0103,  0.0557,  0.2925,  0.5843,  0.5168,  0.2534,  0.0613],
186         [ 0.0275, -0.0704, -0.3012, -0.4414, -0.2740, -0.0037,  0.0548],
187         [-0.0308,  0.0131,  0.0701, -0.0575, -0.3361, -0.4235, -0.2605],
188         [ 0.0281,  0.0386,  0.0609,  0.2361,  0.4110,  0.3912,  0.1642],
189         [-0.0160, -0.0063, -0.0262, -0.0687, -0.1531, -0.0846, -0.0075]],
190        device='cuda:0', grad_fn=<SelectBackward0>)

191 Valid:	 Epoch[016/025] Iteration[010/010] Loss: 0.2291 Acc:93.46%
192 Training:Epoch[017/025] Iteration[010/016] Loss: 0.1046 Acc:95.00%
193 epoch:17 conv1.weights[0, 0, ...] :
194  tensor([[-0.0149, -0.0105, -0.0049,  0.0717,  0.0535,  0.0140, -0.0149],
195         [ 0.0070,  0.0060, -0.1130, -0.2833, -0.2740, -0.1319,  0.0016],
196         [-0.0103,  0.0557,  0.2925,  0.5843,  0.5168,  0.2534,  0.0613],
197         [ 0.0275, -0.0704, -0.3012, -0.4414, -0.2740, -0.0037,  0.0548],
198         [-0.0307,  0.0131,  0.0701, -0.0575, -0.3361, -0.4235, -0.2605],
199         [ 0.0281,  0.0386,  0.0609,  0.2361,  0.4110,  0.3912,  0.1642],
200         [-0.0160, -0.0063, -0.0262, -0.0687, -0.1532, -0.0846, -0.0075]],
201        device='cuda:0', grad_fn=<SelectBackward0>)

202 Valid:	 Epoch[017/025] Iteration[010/010] Loss: 0.2047 Acc:94.12%
203 Training:Epoch[018/025] Iteration[010/016] Loss: 0.1139 Acc:95.62%
204 epoch:18 conv1.weights[0, 0, ...] :
205  tensor([[-0.0149, -0.0105, -0.0049,  0.0717,  0.0535,  0.0140, -0.0150],
206         [ 0.0070,  0.0060, -0.1130, -0.2833, -0.2741, -0.1319,  0.0016],
207         [-0.0103,  0.0557,  0.2925,  0.5843,  0.5168,  0.2534,  0.0613],
208         [ 0.0275, -0.0704, -0.3012, -0.4414, -0.2740, -0.0037,  0.0547],
209         [-0.0307,  0.0131,  0.0701, -0.0575, -0.3361, -0.4235, -0.2605],
210         [ 0.0281,  0.0386,  0.0609,  0.2361,  0.4110,  0.3912,  0.1642],
211         [-0.0161, -0.0063, -0.0263, -0.0687, -0.1532, -0.0846, -0.0075]],
212        device='cuda:0', grad_fn=<SelectBackward0>)

213 Valid:	 Epoch[018/025] Iteration[010/010] Loss: 0.2147 Acc:93.46%
214 Training:Epoch[019/025] Iteration[010/016] Loss: 0.1018 Acc:96.25%
215 epoch:19 conv1.weights[0, 0, ...] :
216  tensor([[-0.0149, -0.0106, -0.0049,  0.0717,  0.0535,  0.0140, -0.0150],
217         [ 0.0070,  0.0060, -0.1130, -0.2833, -0.2741, -0.1320,  0.0016],
218         [-0.0103,  0.0557,  0.2925,  0.5843,  0.5168,  0.2534,  0.0613],
219         [ 0.0275, -0.0704, -0.3012, -0.4414, -0.2741, -0.0037,  0.0547],
220         [-0.0308,  0.0131,  0.0701, -0.0575, -0.3362, -0.4235, -0.2605],
221         [ 0.0281,  0.0386,  0.0609,  0.2361,  0.4110,  0.3912,  0.1642],
222         [-0.0161, -0.0064, -0.0263, -0.0687, -0.1532, -0.0846, -0.0075]],
223        device='cuda:0', grad_fn=<SelectBackward0>)

224 Valid:	 Epoch[019/025] Iteration[010/010] Loss: 0.2150 Acc:93.46%
225 Training:Epoch[020/025] Iteration[010/016] Loss: 0.0779 Acc:98.12%
226 epoch:20 conv1.weights[0, 0, ...] :
227  tensor([[-0.0150, -0.0106, -0.0049,  0.0717,  0.0535,  0.0140, -0.0150],
228         [ 0.0070,  0.0060, -0.1130, -0.2833, -0.2741, -0.1320,  0.0016],
229         [-0.0103,  0.0557,  0.2925,  0.5843,  0.5167,  0.2534,  0.0613],
230         [ 0.0275, -0.0704, -0.3012, -0.4414, -0.2741, -0.0038,  0.0547],
231         [-0.0308,  0.0131,  0.0701, -0.0575, -0.3362, -0.4235, -0.2606],
232         [ 0.0281,  0.0386,  0.0609,  0.2360,  0.4110,  0.3912,  0.1642],
233         [-0.0161, -0.0064, -0.0263, -0.0687, -0.1532, -0.0846, -0.0075]],
234        device='cuda:0', grad_fn=<SelectBackward0>)

235 Valid:	 Epoch[020/025] Iteration[010/010] Loss: 0.2310 Acc:93.46%
236 Training:Epoch[021/025] Iteration[010/016] Loss: 0.0752 Acc:98.75%
237 epoch:21 conv1.weights[0, 0, ...] :
238  tensor([[-0.0150, -0.0106, -0.0050,  0.0717,  0.0535,  0.0140, -0.0150],
239         [ 0.0069,  0.0060, -0.1130, -0.2833, -0.2741, -0.1320,  0.0016],
240         [-0.0103,  0.0557,  0.2925,  0.5843,  0.5167,  0.2534,  0.0613],
241         [ 0.0275, -0.0704, -0.3012, -0.4414, -0.2741, -0.0038,  0.0547],
242         [-0.0308,  0.0131,  0.0701, -0.0575, -0.3362, -0.4235, -0.2606],
243         [ 0.0281,  0.0386,  0.0609,  0.2360,  0.4110,  0.3912,  0.1642],
244         [-0.0161, -0.0064, -0.0263, -0.0687, -0.1532, -0.0846, -0.0075]],
245        device='cuda:0', grad_fn=<SelectBackward0>)

246 Valid:	 Epoch[021/025] Iteration[010/010] Loss: 0.2229 Acc:93.46%
247 Training:Epoch[022/025] Iteration[010/016] Loss: 0.1070 Acc:97.50%
248 epoch:22 conv1.weights[0, 0, ...] :
249  tensor([[-0.0150, -0.0106, -0.0050,  0.0717,  0.0535,  0.0140, -0.0150],
250         [ 0.0069,  0.0060, -0.1130, -0.2833, -0.2741, -0.1320,  0.0016],
251         [-0.0103,  0.0557,  0.2925,  0.5843,  0.5167,  0.2534,  0.0613],
252         [ 0.0275, -0.0704, -0.3012, -0.4414, -0.2741, -0.0038,  0.0547],
253         [-0.0308,  0.0131,  0.0701, -0.0575, -0.3362, -0.4235, -0.2606],
254         [ 0.0281,  0.0386,  0.0609,  0.2360,  0.4110,  0.3912,  0.1642],
255         [-0.0161, -0.0064, -0.0263, -0.0687, -0.1532, -0.0846, -0.0075]],
256        device='cuda:0', grad_fn=<SelectBackward0>)

257 Valid:	 Epoch[022/025] Iteration[010/010] Loss: 0.2160 Acc:93.46%
258 Training:Epoch[023/025] Iteration[010/016] Loss: 0.1495 Acc:94.38%
259 epoch:23 conv1.weights[0, 0, ...] :
260  tensor([[-0.0150, -0.0106, -0.0050,  0.0717,  0.0535,  0.0140, -0.0150],
261         [ 0.0069,  0.0060, -0.1130, -0.2833, -0.2741, -0.1320,  0.0016],
262         [-0.0103,  0.0557,  0.2925,  0.5843,  0.5167,  0.2534,  0.0613],
263         [ 0.0275, -0.0704, -0.3012, -0.4414, -0.2741, -0.0038,  0.0547],
264         [-0.0308,  0.0131,  0.0701, -0.0575, -0.3362, -0.4235, -0.2606],
265         [ 0.0281,  0.0386,  0.0609,  0.2360,  0.4110,  0.3912,  0.1642],
266         [-0.0161, -0.0064, -0.0263, -0.0687, -0.1532, -0.0846, -0.0075]],
267        device='cuda:0', grad_fn=<SelectBackward0>)

268 Valid:	 Epoch[023/025] Iteration[010/010] Loss: 0.2242 Acc:94.12%
269 Training:Epoch[024/025] Iteration[010/016] Loss: 0.1129 Acc:96.88%
270 epoch:24 conv1.weights[0, 0, ...] :
271  tensor([[-0.0150, -0.0106, -0.0050,  0.0717,  0.0535,  0.0140, -0.0150],
272         [ 0.0069,  0.0060, -0.1130, -0.2833, -0.2741, -0.1320,  0.0016],
273         [-0.0103,  0.0557,  0.2925,  0.5843,  0.5167,  0.2534,  0.0613],
274         [ 0.0275, -0.0704, -0.3012, -0.4414, -0.2741, -0.0038,  0.0547],
275         [-0.0308,  0.0131,  0.0701, -0.0575, -0.3362, -0.4235, -0.2606],
276         [ 0.0281,  0.0386,  0.0609,  0.2360,  0.4110,  0.3912,  0.1642],
277         [-0.0161, -0.0064, -0.0263, -0.0687, -0.1532, -0.0846, -0.0075]],
278        device='cuda:0', grad_fn=<SelectBackward0>)

279 Valid:	 Epoch[024/025] Iteration[010/010] Loss: 0.2151 Acc:93.46%
280 [SwanLab-INFO]:        The current experiment finetune_resnet-18_freeze_Mar06_19-33-20 has been completed, SwanLab will close it automatically
