1 [SwanLab-INFO]:        Experiment max_unpool_Mar03_17-35-10 has been registered.
2 [SwanLab-INFO]:        Run data will be saved locally in c:\Users\94427\kashiwa\Pytorch-Camp\swanlog\run-20240303_173510-c386bbc4
3 [SwanLab-INFO]:        Experiment_name: max_unpool_Mar03_17-35-10
4 [SwanLab-INFO]:        Run `swanlab watch` to view SwanLab Experiment Dashboard
5 raw_img:
6 tensor([[[[0., 4., 4., 3.],
7           [3., 3., 1., 1.],
8           [4., 2., 3., 4.],
9           [1., 3., 3., 0.]]]])
10 img_pool:
11 tensor([[[[4., 4.],
12           [4., 4.]]]])

13 img_reconstruct:
14 tensor([[[[-1.0276, -0.5631],
15           [-0.8923, -0.0583]]]])
16 img_unpool:
17 tensor([[[[ 0.0000, -1.0276, -0.5631,  0.0000],
18           [ 0.0000,  0.0000,  0.0000,  0.0000],
19           [-0.8923,  0.0000,  0.0000, -0.0583],
20           [ 0.0000,  0.0000,  0.0000,  0.0000]]]])

21 [SwanLab-INFO]:        The current experiment max_unpool_Mar03_17-35-10 has been completed, SwanLab will close it automatically
