1 [SwanLab-INFO]:        Experiment resnet-18-finetune_Mar06_19-19-35 has been registered.
2 [SwanLab-INFO]:        Run data will be saved locally in D:\Pytorch-Swanlab\hello_pytorch\lesson\lesson-29\swanlog\run-20240306_191935-c386bbc4
3 [SwanLab-INFO]:        Experiment_name: resnet-18-finetune_Mar06_19-19-35
4 [SwanLab-INFO]:        Run `swanlab watch` to view SwanLab Experiment Dashboard
5 Training:Epoch[000/025] Iteration[010/016] Loss: 0.7030 Acc:58.75%
6 epoch:0 conv1.weights[0, 0, ...] :
7  tensor([[-0.0104, -0.0061, -0.0018,  0.0748,  0.0566,  0.0171, -0.0127],
8         [ 0.0111,  0.0095, -0.1099, -0.2805, -0.2712, -0.1291,  0.0037],
9         [-0.0069,  0.0591,  0.2955,  0.5872,  0.5197,  0.2563,  0.0636],
10         [ 0.0305, -0.0670, -0.2984, -0.4387, -0.2709, -0.0006,  0.0576],
11         [-0.0275,  0.0160,  0.0726, -0.0541, -0.3328, -0.4206, -0.2578],
12         [ 0.0306,  0.0410,  0.0628,  0.2390,  0.4138,  0.3936,  0.1661],
13         [-0.0137, -0.0037, -0.0241, -0.0659, -0.1507, -0.0822, -0.0058]],
14        device='cuda:0', grad_fn=<SelectBackward0>)

15 Valid:	 Epoch[000/025] Iteration[010/010] Loss: 0.6245 Acc:60.13%
16 Training:Epoch[001/025] Iteration[010/016] Loss: 0.4820 Acc:78.12%
17 epoch:1 conv1.weights[0, 0, ...] :
18  tensor([[-0.0104, -0.0061, -0.0018,  0.0748,  0.0566,  0.0171, -0.0127],
19         [ 0.0111,  0.0095, -0.1099, -0.2805, -0.2712, -0.1291,  0.0037],
20         [-0.0069,  0.0591,  0.2955,  0.5872,  0.5197,  0.2563,  0.0636],
21         [ 0.0305, -0.0670, -0.2984, -0.4387, -0.2709, -0.0006,  0.0576],
22         [-0.0275,  0.0160,  0.0726, -0.0541, -0.3328, -0.4206, -0.2578],
23         [ 0.0306,  0.0410,  0.0628,  0.2390,  0.4138,  0.3936,  0.1661],
24         [-0.0137, -0.0037, -0.0241, -0.0659, -0.1507, -0.0822, -0.0058]],
25        device='cuda:0', grad_fn=<SelectBackward0>)

26 Valid:	 Epoch[001/025] Iteration[010/010] Loss: 0.3193 Acc:89.54%
27 Training:Epoch[002/025] Iteration[010/016] Loss: 0.3626 Acc:86.88%
28 epoch:2 conv1.weights[0, 0, ...] :
29  tensor([[-0.0104, -0.0061, -0.0018,  0.0748,  0.0566,  0.0171, -0.0127],
30         [ 0.0111,  0.0095, -0.1099, -0.2805, -0.2712, -0.1291,  0.0037],
31         [-0.0069,  0.0591,  0.2955,  0.5872,  0.5197,  0.2563,  0.0636],
32         [ 0.0305, -0.0670, -0.2984, -0.4387, -0.2709, -0.0006,  0.0576],
33         [-0.0275,  0.0160,  0.0726, -0.0541, -0.3328, -0.4206, -0.2578],
34         [ 0.0306,  0.0410,  0.0628,  0.2390,  0.4138,  0.3936,  0.1661],
35         [-0.0137, -0.0037, -0.0241, -0.0659, -0.1507, -0.0822, -0.0058]],
36        device='cuda:0', grad_fn=<SelectBackward0>)

37 Valid:	 Epoch[002/025] Iteration[010/010] Loss: 0.3723 Acc:85.62%
38 Training:Epoch[003/025] Iteration[010/016] Loss: 0.3287 Acc:85.00%
39 epoch:3 conv1.weights[0, 0, ...] :
40  tensor([[-0.0104, -0.0061, -0.0018,  0.0748,  0.0566,  0.0171, -0.0127],
41         [ 0.0111,  0.0095, -0.1099, -0.2805, -0.2712, -0.1291,  0.0037],
42         [-0.0069,  0.0591,  0.2955,  0.5872,  0.5197,  0.2563,  0.0636],
43         [ 0.0305, -0.0670, -0.2984, -0.4387, -0.2709, -0.0006,  0.0576],
44         [-0.0275,  0.0160,  0.0726, -0.0541, -0.3328, -0.4206, -0.2578],
45         [ 0.0306,  0.0410,  0.0628,  0.2390,  0.4138,  0.3936,  0.1661],
46         [-0.0137, -0.0037, -0.0241, -0.0659, -0.1507, -0.0822, -0.0058]],
47        device='cuda:0', grad_fn=<SelectBackward0>)

48 Valid:	 Epoch[003/025] Iteration[010/010] Loss: 0.2290 Acc:92.81%
49 Training:Epoch[004/025] Iteration[010/016] Loss: 0.2759 Acc:87.50%
50 epoch:4 conv1.weights[0, 0, ...] :
51  tensor([[-0.0104, -0.0061, -0.0018,  0.0748,  0.0566,  0.0171, -0.0127],
52         [ 0.0111,  0.0095, -0.1099, -0.2805, -0.2712, -0.1291,  0.0037],
53         [-0.0069,  0.0591,  0.2955,  0.5872,  0.5197,  0.2563,  0.0636],
54         [ 0.0305, -0.0670, -0.2984, -0.4387, -0.2709, -0.0006,  0.0576],
55         [-0.0275,  0.0160,  0.0726, -0.0541, -0.3328, -0.4206, -0.2578],
56         [ 0.0306,  0.0410,  0.0628,  0.2390,  0.4138,  0.3936,  0.1661],
57         [-0.0137, -0.0037, -0.0241, -0.0659, -0.1507, -0.0822, -0.0058]],
58        device='cuda:0', grad_fn=<SelectBackward0>)

59 Valid:	 Epoch[004/025] Iteration[010/010] Loss: 0.3224 Acc:87.58%
60 Training:Epoch[005/025] Iteration[010/016] Loss: 0.2117 Acc:91.88%
61 epoch:5 conv1.weights[0, 0, ...] :
62  tensor([[-0.0104, -0.0061, -0.0018,  0.0748,  0.0566,  0.0171, -0.0127],
63         [ 0.0111,  0.0095, -0.1099, -0.2805, -0.2712, -0.1291,  0.0037],
64         [-0.0069,  0.0591,  0.2955,  0.5872,  0.5197,  0.2563,  0.0636],
65         [ 0.0305, -0.0670, -0.2984, -0.4387, -0.2709, -0.0006,  0.0576],
66         [-0.0275,  0.0160,  0.0726, -0.0541, -0.3328, -0.4206, -0.2578],
67         [ 0.0306,  0.0410,  0.0628,  0.2390,  0.4138,  0.3936,  0.1661],
68         [-0.0137, -0.0037, -0.0241, -0.0659, -0.1507, -0.0822, -0.0058]],
69        device='cuda:0', grad_fn=<SelectBackward0>)

70 Valid:	 Epoch[005/025] Iteration[010/010] Loss: 0.1995 Acc:96.08%
71 Training:Epoch[006/025] Iteration[010/016] Loss: 0.2634 Acc:88.75%
72 epoch:6 conv1.weights[0, 0, ...] :
73  tensor([[-0.0104, -0.0061, -0.0018,  0.0748,  0.0566,  0.0171, -0.0127],
74         [ 0.0111,  0.0095, -0.1099, -0.2805, -0.2712, -0.1291,  0.0037],
75         [-0.0069,  0.0591,  0.2955,  0.5872,  0.5197,  0.2563,  0.0636],
76         [ 0.0305, -0.0670, -0.2984, -0.4387, -0.2709, -0.0006,  0.0576],
77         [-0.0275,  0.0160,  0.0726, -0.0541, -0.3328, -0.4206, -0.2578],
78         [ 0.0306,  0.0410,  0.0628,  0.2390,  0.4138,  0.3936,  0.1661],
79         [-0.0137, -0.0037, -0.0241, -0.0659, -0.1507, -0.0822, -0.0058]],
80        device='cuda:0', grad_fn=<SelectBackward0>)

81 Valid:	 Epoch[006/025] Iteration[010/010] Loss: 0.1981 Acc:95.42%
82 Training:Epoch[007/025] Iteration[010/016] Loss: 0.2249 Acc:90.00%
83 epoch:7 conv1.weights[0, 0, ...] :
84  tensor([[-0.0104, -0.0061, -0.0018,  0.0748,  0.0566,  0.0171, -0.0127],
85         [ 0.0111,  0.0095, -0.1099, -0.2805, -0.2712, -0.1291,  0.0037],
86         [-0.0069,  0.0591,  0.2955,  0.5872,  0.5197,  0.2563,  0.0636],
87         [ 0.0305, -0.0670, -0.2984, -0.4387, -0.2709, -0.0006,  0.0576],
88         [-0.0275,  0.0160,  0.0726, -0.0541, -0.3328, -0.4206, -0.2578],
89         [ 0.0306,  0.0410,  0.0628,  0.2390,  0.4138,  0.3936,  0.1661],
90         [-0.0137, -0.0037, -0.0241, -0.0659, -0.1507, -0.0822, -0.0058]],
91        device='cuda:0', grad_fn=<SelectBackward0>)

92 Valid:	 Epoch[007/025] Iteration[010/010] Loss: 0.2104 Acc:94.77%
93 Training:Epoch[008/025] Iteration[010/016] Loss: 0.1861 Acc:93.75%
94 epoch:8 conv1.weights[0, 0, ...] :
95  tensor([[-0.0104, -0.0061, -0.0018,  0.0748,  0.0566,  0.0171, -0.0127],
96         [ 0.0111,  0.0095, -0.1099, -0.2805, -0.2712, -0.1291,  0.0037],
97         [-0.0069,  0.0591,  0.2955,  0.5872,  0.5197,  0.2563,  0.0636],
98         [ 0.0305, -0.0670, -0.2984, -0.4387, -0.2709, -0.0006,  0.0576],
99         [-0.0275,  0.0160,  0.0726, -0.0541, -0.3328, -0.4206, -0.2578],
100         [ 0.0306,  0.0410,  0.0628,  0.2390,  0.4138,  0.3936,  0.1661],
101         [-0.0137, -0.0037, -0.0241, -0.0659, -0.1507, -0.0822, -0.0058]],
102        device='cuda:0', grad_fn=<SelectBackward0>)

103 Valid:	 Epoch[008/025] Iteration[010/010] Loss: 0.1959 Acc:95.42%
104 Training:Epoch[009/025] Iteration[010/016] Loss: 0.1646 Acc:94.38%
105 epoch:9 conv1.weights[0, 0, ...] :
106  tensor([[-0.0104, -0.0061, -0.0018,  0.0748,  0.0566,  0.0171, -0.0127],
107         [ 0.0111,  0.0095, -0.1099, -0.2805, -0.2712, -0.1291,  0.0037],
108         [-0.0069,  0.0591,  0.2955,  0.5872,  0.5197,  0.2563,  0.0636],
109         [ 0.0305, -0.0670, -0.2984, -0.4387, -0.2709, -0.0006,  0.0576],
110         [-0.0275,  0.0160,  0.0726, -0.0541, -0.3328, -0.4206, -0.2578],
111         [ 0.0306,  0.0410,  0.0628,  0.2390,  0.4138,  0.3936,  0.1661],
112         [-0.0137, -0.0037, -0.0241, -0.0659, -0.1507, -0.0822, -0.0058]],
113        device='cuda:0', grad_fn=<SelectBackward0>)

114 Valid:	 Epoch[009/025] Iteration[010/010] Loss: 0.2053 Acc:95.42%
115 Training:Epoch[010/025] Iteration[010/016] Loss: 0.2117 Acc:91.88%
116 epoch:10 conv1.weights[0, 0, ...] :
117  tensor([[-0.0104, -0.0061, -0.0018,  0.0748,  0.0566,  0.0171, -0.0127],
118         [ 0.0111,  0.0095, -0.1099, -0.2805, -0.2712, -0.1291,  0.0037],
119         [-0.0069,  0.0591,  0.2955,  0.5872,  0.5197,  0.2563,  0.0636],
120         [ 0.0305, -0.0670, -0.2984, -0.4387, -0.2709, -0.0006,  0.0576],
121         [-0.0275,  0.0160,  0.0726, -0.0541, -0.3328, -0.4206, -0.2578],
122         [ 0.0306,  0.0410,  0.0628,  0.2390,  0.4138,  0.3936,  0.1661],
123         [-0.0137, -0.0037, -0.0241, -0.0659, -0.1507, -0.0822, -0.0058]],
124        device='cuda:0', grad_fn=<SelectBackward0>)

125 Valid:	 Epoch[010/025] Iteration[010/010] Loss: 0.1883 Acc:95.42%
126 Training:Epoch[011/025] Iteration[010/016] Loss: 0.2264 Acc:88.75%
127 epoch:11 conv1.weights[0, 0, ...] :
128  tensor([[-0.0104, -0.0061, -0.0018,  0.0748,  0.0566,  0.0171, -0.0127],
129         [ 0.0111,  0.0095, -0.1099, -0.2805, -0.2712, -0.1291,  0.0037],
130         [-0.0069,  0.0591,  0.2955,  0.5872,  0.5197,  0.2563,  0.0636],
131         [ 0.0305, -0.0670, -0.2984, -0.4387, -0.2709, -0.0006,  0.0576],
132         [-0.0275,  0.0160,  0.0726, -0.0541, -0.3328, -0.4206, -0.2578],
133         [ 0.0306,  0.0410,  0.0628,  0.2390,  0.4138,  0.3936,  0.1661],
134         [-0.0137, -0.0037, -0.0241, -0.0659, -0.1507, -0.0822, -0.0058]],
135        device='cuda:0', grad_fn=<SelectBackward0>)

136 Valid:	 Epoch[011/025] Iteration[010/010] Loss: 0.1934 Acc:95.42%
137 Training:Epoch[012/025] Iteration[010/016] Loss: 0.2289 Acc:90.62%
138 epoch:12 conv1.weights[0, 0, ...] :
139  tensor([[-0.0104, -0.0061, -0.0018,  0.0748,  0.0566,  0.0171, -0.0127],
140         [ 0.0111,  0.0095, -0.1099, -0.2805, -0.2712, -0.1291,  0.0037],
141         [-0.0069,  0.0591,  0.2955,  0.5872,  0.5197,  0.2563,  0.0636],
142         [ 0.0305, -0.0670, -0.2984, -0.4387, -0.2709, -0.0006,  0.0576],
143         [-0.0275,  0.0160,  0.0726, -0.0541, -0.3328, -0.4206, -0.2578],
144         [ 0.0306,  0.0410,  0.0628,  0.2390,  0.4138,  0.3936,  0.1661],
145         [-0.0137, -0.0037, -0.0241, -0.0659, -0.1507, -0.0822, -0.0058]],
146        device='cuda:0', grad_fn=<SelectBackward0>)

147 Valid:	 Epoch[012/025] Iteration[010/010] Loss: 0.1969 Acc:95.42%
148 Training:Epoch[013/025] Iteration[010/016] Loss: 0.2078 Acc:89.38%
149 epoch:13 conv1.weights[0, 0, ...] :
150  tensor([[-0.0104, -0.0061, -0.0018,  0.0748,  0.0566,  0.0171, -0.0127],
151         [ 0.0111,  0.0095, -0.1099, -0.2805, -0.2712, -0.1291,  0.0037],
152         [-0.0069,  0.0591,  0.2955,  0.5872,  0.5197,  0.2563,  0.0636],
153         [ 0.0305, -0.0670, -0.2984, -0.4387, -0.2709, -0.0006,  0.0576],
154         [-0.0275,  0.0160,  0.0726, -0.0541, -0.3328, -0.4206, -0.2578],
155         [ 0.0306,  0.0410,  0.0628,  0.2390,  0.4138,  0.3936,  0.1661],
156         [-0.0137, -0.0037, -0.0241, -0.0659, -0.1507, -0.0822, -0.0058]],
157        device='cuda:0', grad_fn=<SelectBackward0>)

158 Valid:	 Epoch[013/025] Iteration[010/010] Loss: 0.1988 Acc:95.42%
159 Training:Epoch[014/025] Iteration[010/016] Loss: 0.1927 Acc:94.38%
160 epoch:14 conv1.weights[0, 0, ...] :
161  tensor([[-0.0104, -0.0061, -0.0018,  0.0748,  0.0566,  0.0171, -0.0127],
162         [ 0.0111,  0.0095, -0.1099, -0.2805, -0.2712, -0.1291,  0.0037],
163         [-0.0069,  0.0591,  0.2955,  0.5872,  0.5197,  0.2563,  0.0636],
164         [ 0.0305, -0.0670, -0.2984, -0.4387, -0.2709, -0.0006,  0.0576],
165         [-0.0275,  0.0160,  0.0726, -0.0541, -0.3328, -0.4206, -0.2578],
166         [ 0.0306,  0.0410,  0.0628,  0.2390,  0.4138,  0.3936,  0.1661],
167         [-0.0137, -0.0037, -0.0241, -0.0659, -0.1507, -0.0822, -0.0058]],
168        device='cuda:0', grad_fn=<SelectBackward0>)

169 Valid:	 Epoch[014/025] Iteration[010/010] Loss: 0.1928 Acc:96.08%
170 Training:Epoch[015/025] Iteration[010/016] Loss: 0.1994 Acc:92.50%
171 epoch:15 conv1.weights[0, 0, ...] :
172  tensor([[-0.0104, -0.0061, -0.0018,  0.0748,  0.0566,  0.0171, -0.0127],
173         [ 0.0111,  0.0095, -0.1099, -0.2805, -0.2712, -0.1291,  0.0037],
174         [-0.0069,  0.0591,  0.2955,  0.5872,  0.5197,  0.2563,  0.0636],
175         [ 0.0305, -0.0670, -0.2984, -0.4387, -0.2709, -0.0006,  0.0576],
176         [-0.0275,  0.0160,  0.0726, -0.0541, -0.3328, -0.4206, -0.2578],
177         [ 0.0306,  0.0410,  0.0628,  0.2390,  0.4138,  0.3936,  0.1661],
178         [-0.0137, -0.0037, -0.0241, -0.0659, -0.1507, -0.0822, -0.0058]],
179        device='cuda:0', grad_fn=<SelectBackward0>)

180 Valid:	 Epoch[015/025] Iteration[010/010] Loss: 0.1974 Acc:96.08%
181 Training:Epoch[016/025] Iteration[010/016] Loss: 0.1810 Acc:93.75%
182 epoch:16 conv1.weights[0, 0, ...] :
183  tensor([[-0.0104, -0.0061, -0.0018,  0.0748,  0.0566,  0.0171, -0.0127],
184         [ 0.0111,  0.0095, -0.1099, -0.2805, -0.2712, -0.1291,  0.0037],
185         [-0.0069,  0.0591,  0.2955,  0.5872,  0.5197,  0.2563,  0.0636],
186         [ 0.0305, -0.0670, -0.2984, -0.4387, -0.2709, -0.0006,  0.0576],
187         [-0.0275,  0.0160,  0.0726, -0.0541, -0.3328, -0.4206, -0.2578],
188         [ 0.0306,  0.0410,  0.0628,  0.2390,  0.4138,  0.3936,  0.1661],
189         [-0.0137, -0.0037, -0.0241, -0.0659, -0.1507, -0.0822, -0.0058]],
190        device='cuda:0', grad_fn=<SelectBackward0>)

191 Valid:	 Epoch[016/025] Iteration[010/010] Loss: 0.2001 Acc:95.42%
192 Training:Epoch[017/025] Iteration[010/016] Loss: 0.1924 Acc:92.50%
193 epoch:17 conv1.weights[0, 0, ...] :
194  tensor([[-0.0104, -0.0061, -0.0018,  0.0748,  0.0566,  0.0171, -0.0127],
195         [ 0.0111,  0.0095, -0.1099, -0.2805, -0.2712, -0.1291,  0.0037],
196         [-0.0069,  0.0591,  0.2955,  0.5872,  0.5197,  0.2563,  0.0636],
197         [ 0.0305, -0.0670, -0.2984, -0.4387, -0.2709, -0.0006,  0.0576],
198         [-0.0275,  0.0160,  0.0726, -0.0541, -0.3328, -0.4206, -0.2578],
199         [ 0.0306,  0.0410,  0.0628,  0.2390,  0.4138,  0.3936,  0.1661],
200         [-0.0137, -0.0037, -0.0241, -0.0659, -0.1507, -0.0822, -0.0058]],
201        device='cuda:0', grad_fn=<SelectBackward0>)

202 Valid:	 Epoch[017/025] Iteration[010/010] Loss: 0.1902 Acc:95.42%
203 Training:Epoch[018/025] Iteration[010/016] Loss: 0.2048 Acc:92.50%
204 epoch:18 conv1.weights[0, 0, ...] :
205  tensor([[-0.0104, -0.0061, -0.0018,  0.0748,  0.0566,  0.0171, -0.0127],
206         [ 0.0111,  0.0095, -0.1099, -0.2805, -0.2712, -0.1291,  0.0037],
207         [-0.0069,  0.0591,  0.2955,  0.5872,  0.5197,  0.2563,  0.0636],
208         [ 0.0305, -0.0670, -0.2984, -0.4387, -0.2709, -0.0006,  0.0576],
209         [-0.0275,  0.0160,  0.0726, -0.0541, -0.3328, -0.4206, -0.2578],
210         [ 0.0306,  0.0410,  0.0628,  0.2390,  0.4138,  0.3936,  0.1661],
211         [-0.0137, -0.0037, -0.0241, -0.0659, -0.1507, -0.0822, -0.0058]],
212        device='cuda:0', grad_fn=<SelectBackward0>)

213 Valid:	 Epoch[018/025] Iteration[010/010] Loss: 0.1937 Acc:94.77%
214 Training:Epoch[019/025] Iteration[010/016] Loss: 0.1854 Acc:94.38%
215 epoch:19 conv1.weights[0, 0, ...] :
216  tensor([[-0.0104, -0.0061, -0.0018,  0.0748,  0.0566,  0.0171, -0.0127],
217         [ 0.0111,  0.0095, -0.1099, -0.2805, -0.2712, -0.1291,  0.0037],
218         [-0.0069,  0.0591,  0.2955,  0.5872,  0.5197,  0.2563,  0.0636],
219         [ 0.0305, -0.0670, -0.2984, -0.4387, -0.2709, -0.0006,  0.0576],
220         [-0.0275,  0.0160,  0.0726, -0.0541, -0.3328, -0.4206, -0.2578],
221         [ 0.0306,  0.0410,  0.0628,  0.2390,  0.4138,  0.3936,  0.1661],
222         [-0.0137, -0.0037, -0.0241, -0.0659, -0.1507, -0.0822, -0.0058]],
223        device='cuda:0', grad_fn=<SelectBackward0>)

224 Valid:	 Epoch[019/025] Iteration[010/010] Loss: 0.1922 Acc:96.08%
225 Training:Epoch[020/025] Iteration[010/016] Loss: 0.1633 Acc:94.38%
226 epoch:20 conv1.weights[0, 0, ...] :
227  tensor([[-0.0104, -0.0061, -0.0018,  0.0748,  0.0566,  0.0171, -0.0127],
228         [ 0.0111,  0.0095, -0.1099, -0.2805, -0.2712, -0.1291,  0.0037],
229         [-0.0069,  0.0591,  0.2955,  0.5872,  0.5197,  0.2563,  0.0636],
230         [ 0.0305, -0.0670, -0.2984, -0.4387, -0.2709, -0.0006,  0.0576],
231         [-0.0275,  0.0160,  0.0726, -0.0541, -0.3328, -0.4206, -0.2578],
232         [ 0.0306,  0.0410,  0.0628,  0.2390,  0.4138,  0.3936,  0.1661],
233         [-0.0137, -0.0037, -0.0241, -0.0659, -0.1507, -0.0822, -0.0058]],
234        device='cuda:0', grad_fn=<SelectBackward0>)

235 Valid:	 Epoch[020/025] Iteration[010/010] Loss: 0.2050 Acc:95.42%
236 Training:Epoch[021/025] Iteration[010/016] Loss: 0.1712 Acc:95.62%
237 epoch:21 conv1.weights[0, 0, ...] :
238  tensor([[-0.0104, -0.0061, -0.0018,  0.0748,  0.0566,  0.0171, -0.0127],
239         [ 0.0111,  0.0095, -0.1099, -0.2805, -0.2712, -0.1291,  0.0037],
240         [-0.0069,  0.0591,  0.2955,  0.5872,  0.5197,  0.2563,  0.0636],
241         [ 0.0305, -0.0670, -0.2984, -0.4387, -0.2709, -0.0006,  0.0576],
242         [-0.0275,  0.0160,  0.0726, -0.0541, -0.3328, -0.4206, -0.2578],
243         [ 0.0306,  0.0410,  0.0628,  0.2390,  0.4138,  0.3936,  0.1661],
244         [-0.0137, -0.0037, -0.0241, -0.0659, -0.1507, -0.0822, -0.0058]],
245        device='cuda:0', grad_fn=<SelectBackward0>)

246 Valid:	 Epoch[021/025] Iteration[010/010] Loss: 0.2063 Acc:94.12%
247 Training:Epoch[022/025] Iteration[010/016] Loss: 0.1832 Acc:93.12%
248 epoch:22 conv1.weights[0, 0, ...] :
249  tensor([[-0.0104, -0.0061, -0.0018,  0.0748,  0.0566,  0.0171, -0.0127],
250         [ 0.0111,  0.0095, -0.1099, -0.2805, -0.2712, -0.1291,  0.0037],
251         [-0.0069,  0.0591,  0.2955,  0.5872,  0.5197,  0.2563,  0.0636],
252         [ 0.0305, -0.0670, -0.2984, -0.4387, -0.2709, -0.0006,  0.0576],
253         [-0.0275,  0.0160,  0.0726, -0.0541, -0.3328, -0.4206, -0.2578],
254         [ 0.0306,  0.0410,  0.0628,  0.2390,  0.4138,  0.3936,  0.1661],
255         [-0.0137, -0.0037, -0.0241, -0.0659, -0.1507, -0.0822, -0.0058]],
256        device='cuda:0', grad_fn=<SelectBackward0>)

257 Valid:	 Epoch[022/025] Iteration[010/010] Loss: 0.2020 Acc:95.42%
258 Training:Epoch[023/025] Iteration[010/016] Loss: 0.2323 Acc:90.62%
259 epoch:23 conv1.weights[0, 0, ...] :
260  tensor([[-0.0104, -0.0061, -0.0018,  0.0748,  0.0566,  0.0171, -0.0127],
261         [ 0.0111,  0.0095, -0.1099, -0.2805, -0.2712, -0.1291,  0.0037],
262         [-0.0069,  0.0591,  0.2955,  0.5872,  0.5197,  0.2563,  0.0636],
263         [ 0.0305, -0.0670, -0.2984, -0.4387, -0.2709, -0.0006,  0.0576],
264         [-0.0275,  0.0160,  0.0726, -0.0541, -0.3328, -0.4206, -0.2578],
265         [ 0.0306,  0.0410,  0.0628,  0.2390,  0.4138,  0.3936,  0.1661],
266         [-0.0137, -0.0037, -0.0241, -0.0659, -0.1507, -0.0822, -0.0058]],
267        device='cuda:0', grad_fn=<SelectBackward0>)

268 Valid:	 Epoch[023/025] Iteration[010/010] Loss: 0.1982 Acc:96.08%
269 Training:Epoch[024/025] Iteration[010/016] Loss: 0.2176 Acc:91.88%
270 epoch:24 conv1.weights[0, 0, ...] :
271  tensor([[-0.0104, -0.0061, -0.0018,  0.0748,  0.0566,  0.0171, -0.0127],
272         [ 0.0111,  0.0095, -0.1099, -0.2805, -0.2712, -0.1291,  0.0037],
273         [-0.0069,  0.0591,  0.2955,  0.5872,  0.5197,  0.2563,  0.0636],
274         [ 0.0305, -0.0670, -0.2984, -0.4387, -0.2709, -0.0006,  0.0576],
275         [-0.0275,  0.0160,  0.0726, -0.0541, -0.3328, -0.4206, -0.2578],
276         [ 0.0306,  0.0410,  0.0628,  0.2390,  0.4138,  0.3936,  0.1661],
277         [-0.0137, -0.0037, -0.0241, -0.0659, -0.1507, -0.0822, -0.0058]],
278        device='cuda:0', grad_fn=<SelectBackward0>)

279 Valid:	 Epoch[024/025] Iteration[010/010] Loss: 0.1935 Acc:95.42%
280 [SwanLab-INFO]:        The current experiment resnet-18-finetune_Mar06_19-19-35 has been completed, SwanLab will close it automatically
