1 [SwanLab-INFO]:        Experiment resnet-18_Mar06_19-26-08 has been registered.
2 [SwanLab-INFO]:        Run data will be saved locally in D:\Pytorch-Swanlab\hello_pytorch\lesson\lesson-29\swanlog\run-20240306_192608-c386bbc4
3 [SwanLab-INFO]:        Experiment_name: resnet-18_Mar06_19-26-08
4 [SwanLab-INFO]:        Run `swanlab watch` to view SwanLab Experiment Dashboard
5 Training:Epoch[000/025] Iteration[010/016] Loss: 0.7493 Acc:50.00%
6 epoch:0 conv1.weights[0, 0, ...] :
7  tensor([[ 0.0160, -0.0317, -0.0135, -0.0120,  0.0023, -0.0009,  0.0182],
8         [-0.0507, -0.0312, -0.0269, -0.0068, -0.0050,  0.0229, -0.0356],
9         [ 0.0123,  0.0024, -0.0106,  0.0388, -0.0603, -0.0088,  0.0038],
10         [-0.0304,  0.0029, -0.0198, -0.0237, -0.0015,  0.0145,  0.0444],
11         [-0.0221, -0.0133, -0.0763, -0.0179,  0.0387,  0.0031,  0.0315],
12         [-0.0091,  0.0212, -0.0030,  0.0076, -0.0107, -0.0131, -0.0212],
13         [-0.0294,  0.0219, -0.0183,  0.0131, -0.0299, -0.0132, -0.0070]],
14        device='cuda:0', grad_fn=<SelectBackward0>)

15 Valid:	 Epoch[000/025] Iteration[010/010] Loss: 0.7506 Acc:45.75%
16 Training:Epoch[001/025] Iteration[010/016] Loss: 0.7212 Acc:57.50%
17 epoch:1 conv1.weights[0, 0, ...] :
18  tensor([[ 0.0165, -0.0316, -0.0141, -0.0121,  0.0025, -0.0006,  0.0184],
19         [-0.0503, -0.0314, -0.0274, -0.0070, -0.0050,  0.0228, -0.0358],
20         [ 0.0124,  0.0022, -0.0111,  0.0384, -0.0605, -0.0089,  0.0038],
21         [-0.0303,  0.0026, -0.0202, -0.0240, -0.0017,  0.0145,  0.0445],
22         [-0.0222, -0.0134, -0.0763, -0.0180,  0.0388,  0.0032,  0.0315],
23         [-0.0090,  0.0213, -0.0028,  0.0077, -0.0105, -0.0129, -0.0214],
24         [-0.0294,  0.0220, -0.0183,  0.0135, -0.0291, -0.0126, -0.0067]],
25        device='cuda:0', grad_fn=<SelectBackward0>)

26 Valid:	 Epoch[001/025] Iteration[010/010] Loss: 0.5980 Acc:64.71%
27 Training:Epoch[002/025] Iteration[010/016] Loss: 0.6709 Acc:61.25%
28 epoch:2 conv1.weights[0, 0, ...] :
29  tensor([[ 1.7402e-02, -3.1275e-02, -1.4340e-02, -1.2200e-02,  2.6992e-03,
30           3.5533e-05,  1.9313e-02],
31         [-4.9825e-02, -3.1364e-02, -2.7738e-02, -7.1375e-03, -4.8833e-03,
32           2.3225e-02, -3.5175e-02],
33         [ 1.2474e-02,  1.9161e-03, -1.1441e-02,  3.8248e-02, -6.0222e-02,
34          -8.4404e-03,  4.6019e-03],
35         [-3.0727e-02,  1.9629e-03, -2.0544e-02, -2.3871e-02, -1.2963e-03,
36           1.4995e-02,  4.5135e-02],
37         [-2.2826e-02, -1.3960e-02, -7.6318e-02, -1.7508e-02,  3.9554e-02,
38           4.0476e-03,  3.2193e-02],
39         [-9.2644e-03,  2.1133e-02, -2.5202e-03,  8.5390e-03, -9.4874e-03,
40          -1.1955e-02, -2.0654e-02],
41         [-2.9301e-02,  2.2158e-02, -1.7861e-02,  1.4403e-02, -2.7848e-02,
42          -1.1498e-02, -5.8897e-03]], device='cuda:0',
43        grad_fn=<SelectBackward0>)

44 Valid:	 Epoch[002/025] Iteration[010/010] Loss: 0.8510 Acc:56.21%
45 Training:Epoch[003/025] Iteration[010/016] Loss: 0.6513 Acc:67.50%
46 epoch:3 conv1.weights[0, 0, ...] :
47  tensor([[ 0.0183, -0.0306, -0.0142, -0.0121,  0.0025,  0.0002,  0.0200],
48         [-0.0491, -0.0310, -0.0278, -0.0069, -0.0047,  0.0240, -0.0343],
49         [ 0.0131,  0.0020, -0.0116,  0.0386, -0.0598, -0.0079,  0.0054],
50         [-0.0304,  0.0017, -0.0209, -0.0236, -0.0007,  0.0153,  0.0458],
51         [-0.0230, -0.0140, -0.0762, -0.0172,  0.0401,  0.0046,  0.0333],
52         [-0.0094,  0.0210, -0.0023,  0.0093, -0.0088, -0.0112, -0.0195],
53         [-0.0292,  0.0220, -0.0180,  0.0147, -0.0271, -0.0105, -0.0050]],
54        device='cuda:0', grad_fn=<SelectBackward0>)

55 Valid:	 Epoch[003/025] Iteration[010/010] Loss: 0.5951 Acc:68.63%
56 Training:Epoch[004/025] Iteration[010/016] Loss: 0.5513 Acc:71.25%
57 epoch:4 conv1.weights[0, 0, ...] :
58  tensor([[ 1.8410e-02, -3.0367e-02, -1.4078e-02, -1.1571e-02,  2.6577e-03,
59           5.6837e-04,  2.1189e-02],
60         [-4.8988e-02, -3.0885e-02, -2.7745e-02, -6.6515e-03, -4.3024e-03,
61           2.4782e-02, -3.2817e-02],
62         [ 1.3457e-02,  2.0880e-03, -1.1723e-02,  3.8718e-02, -5.9044e-02,
63          -6.8300e-03,  6.7298e-03],
64         [-3.0258e-02,  1.5976e-03, -2.1432e-02, -2.3659e-02,  4.7326e-05,
65           1.6119e-02,  4.6540e-02],
66         [-2.3207e-02, -1.4195e-02, -7.6527e-02, -1.7202e-02,  4.0685e-02,
67           5.7873e-03,  3.4673e-02],
68         [-9.9000e-03,  2.0689e-02, -2.3997e-03,  9.6945e-03, -8.1174e-03,
69          -9.9723e-03, -1.7608e-02],
70         [-2.9597e-02,  2.1813e-02, -1.7979e-02,  1.5432e-02, -2.6347e-02,
71          -9.2859e-03, -3.4987e-03]], device='cuda:0',
72        grad_fn=<SelectBackward0>)

73 Valid:	 Epoch[004/025] Iteration[010/010] Loss: 0.7994 Acc:56.86%
74 Training:Epoch[005/025] Iteration[010/016] Loss: 0.5845 Acc:67.50%
75 epoch:5 conv1.weights[0, 0, ...] :
76  tensor([[ 0.0187, -0.0305, -0.0146, -0.0119,  0.0024,  0.0006,  0.0215],
77         [-0.0484, -0.0307, -0.0277, -0.0065, -0.0040,  0.0250, -0.0326],
78         [ 0.0143,  0.0019, -0.0118,  0.0390, -0.0584, -0.0063,  0.0070],
79         [-0.0299,  0.0015, -0.0215, -0.0231,  0.0009,  0.0170,  0.0470],
80         [-0.0231, -0.0139, -0.0762, -0.0164,  0.0420,  0.0072,  0.0357],
81         [-0.0099,  0.0208, -0.0020,  0.0107, -0.0069, -0.0086, -0.0164],
82         [-0.0299,  0.0217, -0.0180,  0.0160, -0.0251, -0.0079, -0.0023]],
83        device='cuda:0', grad_fn=<SelectBackward0>)

84 Valid:	 Epoch[005/025] Iteration[010/010] Loss: 0.6639 Acc:60.78%
85 Training:Epoch[006/025] Iteration[010/016] Loss: 0.5905 Acc:70.00%
86 epoch:6 conv1.weights[0, 0, ...] :
87  tensor([[ 0.0187, -0.0307, -0.0150, -0.0120,  0.0027,  0.0007,  0.0216],
88         [-0.0485, -0.0310, -0.0282, -0.0066, -0.0035,  0.0249, -0.0333],
89         [ 0.0140,  0.0014, -0.0124,  0.0388, -0.0581, -0.0064,  0.0066],
90         [-0.0298,  0.0013, -0.0221, -0.0232,  0.0012,  0.0173,  0.0475],
91         [-0.0232, -0.0143, -0.0767, -0.0166,  0.0419,  0.0074,  0.0362],
92         [-0.0101,  0.0203, -0.0022,  0.0110, -0.0069, -0.0086, -0.0165],
93         [-0.0304,  0.0212, -0.0186,  0.0161, -0.0249, -0.0077, -0.0023]],
94        device='cuda:0', grad_fn=<SelectBackward0>)

95 Valid:	 Epoch[006/025] Iteration[010/010] Loss: 0.6442 Acc:65.36%
96 Training:Epoch[007/025] Iteration[010/016] Loss: 0.6375 Acc:63.75%
97 epoch:7 conv1.weights[0, 0, ...] :
98  tensor([[ 0.0190, -0.0303, -0.0147, -0.0118,  0.0029,  0.0010,  0.0220],
99         [-0.0482, -0.0307, -0.0279, -0.0064, -0.0032,  0.0253, -0.0330],
100         [ 0.0141,  0.0017, -0.0122,  0.0389, -0.0577, -0.0059,  0.0073],
101         [-0.0299,  0.0014, -0.0222, -0.0233,  0.0016,  0.0179,  0.0484],
102         [-0.0234, -0.0143, -0.0767, -0.0164,  0.0422,  0.0080,  0.0372],
103         [-0.0103,  0.0204, -0.0021,  0.0114, -0.0066, -0.0080, -0.0158],
104         [-0.0306,  0.0213, -0.0184,  0.0165, -0.0244, -0.0070, -0.0018]],
105        device='cuda:0', grad_fn=<SelectBackward0>)

106 Valid:	 Epoch[007/025] Iteration[010/010] Loss: 0.5597 Acc:70.59%
107 Training:Epoch[008/025] Iteration[010/016] Loss: 0.5250 Acc:73.75%
108 epoch:8 conv1.weights[0, 0, ...] :
109  tensor([[ 0.0191, -0.0303, -0.0146, -0.0117,  0.0030,  0.0011,  0.0220],
110         [-0.0482, -0.0306, -0.0279, -0.0064, -0.0032,  0.0253, -0.0329],
111         [ 0.0141,  0.0017, -0.0122,  0.0389, -0.0577, -0.0058,  0.0073],
112         [-0.0299,  0.0013, -0.0222, -0.0233,  0.0016,  0.0179,  0.0484],
113         [-0.0234, -0.0143, -0.0767, -0.0164,  0.0422,  0.0081,  0.0371],
114         [-0.0102,  0.0203, -0.0022,  0.0113, -0.0066, -0.0080, -0.0159],
115         [-0.0305,  0.0213, -0.0184,  0.0165, -0.0244, -0.0071, -0.0019]],
116        device='cuda:0', grad_fn=<SelectBackward0>)

117 Valid:	 Epoch[008/025] Iteration[010/010] Loss: 0.5392 Acc:68.63%
118 Training:Epoch[009/025] Iteration[010/016] Loss: 0.5269 Acc:70.00%
119 epoch:9 conv1.weights[0, 0, ...] :
120  tensor([[ 0.0192, -0.0302, -0.0146, -0.0116,  0.0031,  0.0012,  0.0222],
121         [-0.0481, -0.0306, -0.0279, -0.0064, -0.0031,  0.0255, -0.0327],
122         [ 0.0141,  0.0017, -0.0122,  0.0389, -0.0576, -0.0057,  0.0074],
123         [-0.0300,  0.0013, -0.0223, -0.0233,  0.0016,  0.0180,  0.0484],
124         [-0.0235, -0.0144, -0.0768, -0.0165,  0.0422,  0.0081,  0.0371],
125         [-0.0103,  0.0202, -0.0022,  0.0112, -0.0066, -0.0080, -0.0160],
126         [-0.0305,  0.0213, -0.0185,  0.0164, -0.0244, -0.0071, -0.0020]],
127        device='cuda:0', grad_fn=<SelectBackward0>)

128 Valid:	 Epoch[009/025] Iteration[010/010] Loss: 0.5623 Acc:71.90%
129 Training:Epoch[010/025] Iteration[010/016] Loss: 0.5365 Acc:70.62%
130 epoch:10 conv1.weights[0, 0, ...] :
131  tensor([[ 0.0195, -0.0300, -0.0144, -0.0115,  0.0031,  0.0013,  0.0223],
132         [-0.0479, -0.0305, -0.0277, -0.0062, -0.0030,  0.0256, -0.0326],
133         [ 0.0143,  0.0019, -0.0121,  0.0391, -0.0574, -0.0055,  0.0076],
134         [-0.0298,  0.0014, -0.0221, -0.0231,  0.0018,  0.0181,  0.0486],
135         [-0.0234, -0.0143, -0.0767, -0.0164,  0.0423,  0.0082,  0.0373],
136         [-0.0103,  0.0203, -0.0022,  0.0113, -0.0066, -0.0079, -0.0159],
137         [-0.0305,  0.0214, -0.0184,  0.0165, -0.0244, -0.0070, -0.0019]],
138        device='cuda:0', grad_fn=<SelectBackward0>)

139 Valid:	 Epoch[010/025] Iteration[010/010] Loss: 0.5581 Acc:69.93%
140 Training:Epoch[011/025] Iteration[010/016] Loss: 0.5619 Acc:70.00%
141 epoch:11 conv1.weights[0, 0, ...] :
142  tensor([[ 0.0197, -0.0299, -0.0143, -0.0114,  0.0031,  0.0013,  0.0223],
143         [-0.0478, -0.0304, -0.0276, -0.0062, -0.0030,  0.0256, -0.0326],
144         [ 0.0145,  0.0020, -0.0120,  0.0391, -0.0575, -0.0056,  0.0075],
145         [-0.0297,  0.0015, -0.0221, -0.0231,  0.0017,  0.0179,  0.0486],
146         [-0.0234, -0.0143, -0.0767, -0.0164,  0.0422,  0.0080,  0.0372],
147         [-0.0103,  0.0204, -0.0021,  0.0113, -0.0067, -0.0081, -0.0160],
148         [-0.0306,  0.0213, -0.0184,  0.0164, -0.0244, -0.0071, -0.0021]],
149        device='cuda:0', grad_fn=<SelectBackward0>)

150 Valid:	 Epoch[011/025] Iteration[010/010] Loss: 0.5667 Acc:70.59%
151 Training:Epoch[012/025] Iteration[010/016] Loss: 0.5489 Acc:68.12%
152 epoch:12 conv1.weights[0, 0, ...] :
153  tensor([[ 0.0199, -0.0296, -0.0141, -0.0112,  0.0033,  0.0015,  0.0225],
154         [-0.0475, -0.0302, -0.0274, -0.0061, -0.0029,  0.0257, -0.0324],
155         [ 0.0147,  0.0022, -0.0118,  0.0392, -0.0574, -0.0055,  0.0076],
156         [-0.0295,  0.0017, -0.0219, -0.0231,  0.0018,  0.0180,  0.0486],
157         [-0.0233, -0.0142, -0.0766, -0.0164,  0.0423,  0.0081,  0.0373],
158         [-0.0103,  0.0203, -0.0021,  0.0113, -0.0067, -0.0081, -0.0160],
159         [-0.0306,  0.0212, -0.0185,  0.0164, -0.0244, -0.0071, -0.0021]],
160        device='cuda:0', grad_fn=<SelectBackward0>)

161 Valid:	 Epoch[012/025] Iteration[010/010] Loss: 0.5569 Acc:71.90%
162 Training:Epoch[013/025] Iteration[010/016] Loss: 0.5613 Acc:71.25%
163 epoch:13 conv1.weights[0, 0, ...] :
164  tensor([[ 0.0201, -0.0295, -0.0139, -0.0111,  0.0034,  0.0016,  0.0225],
165         [-0.0474, -0.0301, -0.0272, -0.0060, -0.0028,  0.0257, -0.0324],
166         [ 0.0148,  0.0023, -0.0116,  0.0394, -0.0573, -0.0055,  0.0077],
167         [-0.0294,  0.0017, -0.0218, -0.0230,  0.0018,  0.0180,  0.0486],
168         [-0.0233, -0.0142, -0.0766, -0.0164,  0.0422,  0.0080,  0.0372],
169         [-0.0102,  0.0203, -0.0022,  0.0112, -0.0067, -0.0082, -0.0161],
170         [-0.0306,  0.0212, -0.0186,  0.0163, -0.0245, -0.0073, -0.0022]],
171        device='cuda:0', grad_fn=<SelectBackward0>)

172 Valid:	 Epoch[013/025] Iteration[010/010] Loss: 0.5669 Acc:72.55%
173 Training:Epoch[014/025] Iteration[010/016] Loss: 0.5642 Acc:70.62%
174 epoch:14 conv1.weights[0, 0, ...] :
175  tensor([[ 0.0201, -0.0295, -0.0139, -0.0111,  0.0035,  0.0016,  0.0226],
176         [-0.0473, -0.0300, -0.0272, -0.0059, -0.0028,  0.0258, -0.0324],
177         [ 0.0148,  0.0023, -0.0116,  0.0394, -0.0573, -0.0054,  0.0077],
178         [-0.0294,  0.0018, -0.0217, -0.0229,  0.0018,  0.0180,  0.0486],
179         [-0.0233, -0.0141, -0.0766, -0.0164,  0.0422,  0.0080,  0.0372],
180         [-0.0102,  0.0203, -0.0022,  0.0112, -0.0067, -0.0082, -0.0161],
181         [-0.0306,  0.0212, -0.0186,  0.0163, -0.0245, -0.0073, -0.0022]],
182        device='cuda:0', grad_fn=<SelectBackward0>)

183 Valid:	 Epoch[014/025] Iteration[010/010] Loss: 0.5493 Acc:71.24%
184 Training:Epoch[015/025] Iteration[010/016] Loss: 0.5184 Acc:74.38%
185 epoch:15 conv1.weights[0, 0, ...] :
186  tensor([[ 0.0201, -0.0295, -0.0139, -0.0111,  0.0035,  0.0016,  0.0226],
187         [-0.0473, -0.0300, -0.0272, -0.0059, -0.0028,  0.0258, -0.0324],
188         [ 0.0148,  0.0023, -0.0116,  0.0394, -0.0573, -0.0054,  0.0077],
189         [-0.0294,  0.0018, -0.0217, -0.0229,  0.0018,  0.0180,  0.0486],
190         [-0.0233, -0.0142, -0.0766, -0.0164,  0.0422,  0.0080,  0.0372],
191         [-0.0102,  0.0203, -0.0022,  0.0112, -0.0068, -0.0082, -0.0161],
192         [-0.0306,  0.0212, -0.0186,  0.0163, -0.0245, -0.0073, -0.0022]],
193        device='cuda:0', grad_fn=<SelectBackward0>)

194 Valid:	 Epoch[015/025] Iteration[010/010] Loss: 0.5623 Acc:71.24%
195 Training:Epoch[016/025] Iteration[010/016] Loss: 0.4879 Acc:76.25%
196 epoch:16 conv1.weights[0, 0, ...] :
197  tensor([[ 0.0201, -0.0295, -0.0139, -0.0111,  0.0034,  0.0016,  0.0226],
198         [-0.0473, -0.0300, -0.0272, -0.0059, -0.0028,  0.0258, -0.0324],
199         [ 0.0148,  0.0023, -0.0116,  0.0394, -0.0573, -0.0054,  0.0077],
200         [-0.0294,  0.0018, -0.0218, -0.0229,  0.0018,  0.0180,  0.0486],
201         [-0.0233, -0.0142, -0.0766, -0.0164,  0.0422,  0.0079,  0.0371],
202         [-0.0102,  0.0203, -0.0022,  0.0112, -0.0068, -0.0082, -0.0161],
203         [-0.0306,  0.0212, -0.0186,  0.0163, -0.0245, -0.0073, -0.0023]],
204        device='cuda:0', grad_fn=<SelectBackward0>)

205 Valid:	 Epoch[016/025] Iteration[010/010] Loss: 0.5698 Acc:71.24%
206 Training:Epoch[017/025] Iteration[010/016] Loss: 0.4894 Acc:76.25%
207 epoch:17 conv1.weights[0, 0, ...] :
208  tensor([[ 0.0201, -0.0295, -0.0139, -0.0111,  0.0034,  0.0016,  0.0225],
209         [-0.0474, -0.0300, -0.0272, -0.0060, -0.0029,  0.0257, -0.0324],
210         [ 0.0148,  0.0023, -0.0116,  0.0394, -0.0573, -0.0054,  0.0077],
211         [-0.0295,  0.0017, -0.0218, -0.0230,  0.0018,  0.0180,  0.0486],
212         [-0.0233, -0.0142, -0.0766, -0.0164,  0.0422,  0.0079,  0.0371],
213         [-0.0102,  0.0203, -0.0022,  0.0112, -0.0068, -0.0082, -0.0161],
214         [-0.0306,  0.0212, -0.0186,  0.0163, -0.0245, -0.0073, -0.0023]],
215        device='cuda:0', grad_fn=<SelectBackward0>)

216 Valid:	 Epoch[017/025] Iteration[010/010] Loss: 0.5633 Acc:70.59%
217 Training:Epoch[018/025] Iteration[010/016] Loss: 0.5345 Acc:69.38%
218 epoch:18 conv1.weights[0, 0, ...] :
219  tensor([[ 0.0200, -0.0295, -0.0139, -0.0111,  0.0034,  0.0016,  0.0225],
220         [-0.0474, -0.0300, -0.0272, -0.0060, -0.0029,  0.0257, -0.0324],
221         [ 0.0148,  0.0023, -0.0116,  0.0394, -0.0573, -0.0054,  0.0077],
222         [-0.0295,  0.0017, -0.0218, -0.0230,  0.0018,  0.0180,  0.0486],
223         [-0.0233, -0.0142, -0.0766, -0.0164,  0.0422,  0.0079,  0.0371],
224         [-0.0102,  0.0203, -0.0022,  0.0112, -0.0068, -0.0082, -0.0161],
225         [-0.0306,  0.0212, -0.0187,  0.0162, -0.0245, -0.0073, -0.0023]],
226        device='cuda:0', grad_fn=<SelectBackward0>)

227 Valid:	 Epoch[018/025] Iteration[010/010] Loss: 0.5513 Acc:71.90%
228 Training:Epoch[019/025] Iteration[010/016] Loss: 0.4974 Acc:76.88%
229 epoch:19 conv1.weights[0, 0, ...] :
230  tensor([[ 0.0200, -0.0295, -0.0139, -0.0111,  0.0034,  0.0016,  0.0225],
231         [-0.0474, -0.0300, -0.0272, -0.0060, -0.0029,  0.0257, -0.0324],
232         [ 0.0148,  0.0023, -0.0116,  0.0394, -0.0573, -0.0054,  0.0077],
233         [-0.0295,  0.0017, -0.0218, -0.0230,  0.0018,  0.0180,  0.0485],
234         [-0.0233, -0.0142, -0.0766, -0.0164,  0.0422,  0.0079,  0.0371],
235         [-0.0102,  0.0203, -0.0022,  0.0112, -0.0068, -0.0082, -0.0162],
236         [-0.0306,  0.0212, -0.0187,  0.0162, -0.0245, -0.0074, -0.0023]],
237        device='cuda:0', grad_fn=<SelectBackward0>)

238 Valid:	 Epoch[019/025] Iteration[010/010] Loss: 0.5477 Acc:73.86%
239 Training:Epoch[020/025] Iteration[010/016] Loss: 0.5289 Acc:70.62%
240 epoch:20 conv1.weights[0, 0, ...] :
241  tensor([[ 0.0200, -0.0295, -0.0139, -0.0111,  0.0034,  0.0016,  0.0225],
242         [-0.0474, -0.0300, -0.0272, -0.0060, -0.0029,  0.0257, -0.0324],
243         [ 0.0148,  0.0023, -0.0116,  0.0394, -0.0573, -0.0055,  0.0076],
244         [-0.0294,  0.0017, -0.0218, -0.0230,  0.0018,  0.0180,  0.0485],
245         [-0.0233, -0.0142, -0.0766, -0.0164,  0.0422,  0.0079,  0.0371],
246         [-0.0102,  0.0203, -0.0022,  0.0112, -0.0068, -0.0082, -0.0162],
247         [-0.0306,  0.0212, -0.0187,  0.0162, -0.0245, -0.0073, -0.0023]],
248        device='cuda:0', grad_fn=<SelectBackward0>)

249 Valid:	 Epoch[020/025] Iteration[010/010] Loss: 0.5578 Acc:72.55%
250 Training:Epoch[021/025] Iteration[010/016] Loss: 0.5274 Acc:72.50%
251 epoch:21 conv1.weights[0, 0, ...] :
252  tensor([[ 0.0200, -0.0295, -0.0139, -0.0111,  0.0034,  0.0016,  0.0225],
253         [-0.0474, -0.0300, -0.0272, -0.0060, -0.0029,  0.0257, -0.0324],
254         [ 0.0148,  0.0023, -0.0116,  0.0394, -0.0573, -0.0055,  0.0076],
255         [-0.0295,  0.0017, -0.0218, -0.0230,  0.0018,  0.0180,  0.0485],
256         [-0.0233, -0.0142, -0.0766, -0.0164,  0.0422,  0.0079,  0.0371],
257         [-0.0102,  0.0203, -0.0022,  0.0112, -0.0068, -0.0082, -0.0162],
258         [-0.0306,  0.0212, -0.0186,  0.0162, -0.0245, -0.0073, -0.0023]],
259        device='cuda:0', grad_fn=<SelectBackward0>)

260 Valid:	 Epoch[021/025] Iteration[010/010] Loss: 0.5626 Acc:70.59%
261 Training:Epoch[022/025] Iteration[010/016] Loss: 0.5452 Acc:71.88%
262 epoch:22 conv1.weights[0, 0, ...] :
263  tensor([[ 0.0200, -0.0295, -0.0139, -0.0111,  0.0034,  0.0016,  0.0225],
264         [-0.0474, -0.0300, -0.0272, -0.0060, -0.0029,  0.0257, -0.0324],
265         [ 0.0148,  0.0023, -0.0116,  0.0394, -0.0573, -0.0055,  0.0076],
266         [-0.0295,  0.0017, -0.0218, -0.0230,  0.0018,  0.0180,  0.0485],
267         [-0.0233, -0.0142, -0.0766, -0.0164,  0.0422,  0.0079,  0.0371],
268         [-0.0102,  0.0203, -0.0022,  0.0112, -0.0068, -0.0082, -0.0162],
269         [-0.0306,  0.0212, -0.0186,  0.0162, -0.0245, -0.0073, -0.0023]],
270        device='cuda:0', grad_fn=<SelectBackward0>)

271 Valid:	 Epoch[022/025] Iteration[010/010] Loss: 0.5556 Acc:71.90%
272 Training:Epoch[023/025] Iteration[010/016] Loss: 0.5427 Acc:66.25%
273 epoch:23 conv1.weights[0, 0, ...] :
274  tensor([[ 0.0200, -0.0295, -0.0139, -0.0111,  0.0034,  0.0016,  0.0225],
275         [-0.0474, -0.0300, -0.0272, -0.0060, -0.0029,  0.0257, -0.0324],
276         [ 0.0148,  0.0023, -0.0116,  0.0394, -0.0573, -0.0055,  0.0076],
277         [-0.0294,  0.0017, -0.0218, -0.0230,  0.0018,  0.0180,  0.0485],
278         [-0.0233, -0.0142, -0.0766, -0.0164,  0.0422,  0.0079,  0.0371],
279         [-0.0102,  0.0203, -0.0022,  0.0112, -0.0068, -0.0082, -0.0162],
280         [-0.0306,  0.0212, -0.0186,  0.0162, -0.0245, -0.0073, -0.0023]],
281        device='cuda:0', grad_fn=<SelectBackward0>)

282 Valid:	 Epoch[023/025] Iteration[010/010] Loss: 0.5460 Acc:74.51%
283 Training:Epoch[024/025] Iteration[010/016] Loss: 0.5030 Acc:78.12%
284 epoch:24 conv1.weights[0, 0, ...] :
285  tensor([[ 0.0200, -0.0295, -0.0139, -0.0111,  0.0034,  0.0016,  0.0225],
286         [-0.0474, -0.0300, -0.0272, -0.0060, -0.0029,  0.0257, -0.0324],
287         [ 0.0148,  0.0023, -0.0116,  0.0394, -0.0573, -0.0055,  0.0076],
288         [-0.0294,  0.0017, -0.0218, -0.0230,  0.0018,  0.0180,  0.0485],
289         [-0.0233, -0.0142, -0.0766, -0.0164,  0.0422,  0.0079,  0.0371],
290         [-0.0102,  0.0203, -0.0022,  0.0112, -0.0068, -0.0082, -0.0162],
291         [-0.0306,  0.0212, -0.0186,  0.0162, -0.0245, -0.0073, -0.0023]],
292        device='cuda:0', grad_fn=<SelectBackward0>)

293 Valid:	 Epoch[024/025] Iteration[010/010] Loss: 0.5483 Acc:72.55%
294 [SwanLab-INFO]:        The current experiment resnet-18_Mar06_19-26-08 has been completed, SwanLab will close it automatically
