1 [SwanLab-INFO]:        Experiment finetune_resnet-18_freeze_Mar06_19-30-39 has been registered.
2 [SwanLab-INFO]:        Run data will be saved locally in D:\Pytorch-Swanlab\hello_pytorch\lesson\lesson-29\swanlog\run-20240306_193039-c386bbc4
3 [SwanLab-INFO]:        Experiment_name: finetune_resnet-18_freeze_Mar06_19-30-39
4 [SwanLab-INFO]:        Run `swanlab watch` to view SwanLab Experiment Dashboard
5 conv1.weights[0, 0, ...]:
6  tensor([[-0.0104, -0.0061, -0.0018,  0.0748,  0.0566,  0.0171, -0.0127],
7         [ 0.0111,  0.0095, -0.1099, -0.2805, -0.2712, -0.1291,  0.0037],
8         [-0.0069,  0.0591,  0.2955,  0.5872,  0.5197,  0.2563,  0.0636],
9         [ 0.0305, -0.0670, -0.2984, -0.4387, -0.2709, -0.0006,  0.0576],
10         [-0.0275,  0.0160,  0.0726, -0.0541, -0.3328, -0.4206, -0.2578],
11         [ 0.0306,  0.0410,  0.0628,  0.2390,  0.4138,  0.3936,  0.1661],
12         [-0.0137, -0.0037, -0.0241, -0.0659, -0.1507, -0.0822, -0.0058]])

13 Training:Epoch[000/025] Iteration[010/016] Loss: 0.7030 Acc:58.75%
14 epoch:0 conv1.weights[0, 0, ...] :
15  tensor([[-0.0104, -0.0061, -0.0018,  0.0748,  0.0566,  0.0171, -0.0127],
16         [ 0.0111,  0.0095, -0.1099, -0.2805, -0.2712, -0.1291,  0.0037],
17         [-0.0069,  0.0591,  0.2955,  0.5872,  0.5197,  0.2563,  0.0636],
18         [ 0.0305, -0.0670, -0.2984, -0.4387, -0.2709, -0.0006,  0.0576],
19         [-0.0275,  0.0160,  0.0726, -0.0541, -0.3328, -0.4206, -0.2578],
20         [ 0.0306,  0.0410,  0.0628,  0.2390,  0.4138,  0.3936,  0.1661],
21         [-0.0137, -0.0037, -0.0241, -0.0659, -0.1507, -0.0822, -0.0058]],
22        device='cuda:0')

23 Valid:	 Epoch[000/025] Iteration[010/010] Loss: 0.6245 Acc:60.13%
24 Training:Epoch[001/025] Iteration[010/016] Loss: 0.4820 Acc:78.12%
25 epoch:1 conv1.weights[0, 0, ...] :
26  tensor([[-0.0104, -0.0061, -0.0018,  0.0748,  0.0566,  0.0171, -0.0127],
27         [ 0.0111,  0.0095, -0.1099, -0.2805, -0.2712, -0.1291,  0.0037],
28         [-0.0069,  0.0591,  0.2955,  0.5872,  0.5197,  0.2563,  0.0636],
29         [ 0.0305, -0.0670, -0.2984, -0.4387, -0.2709, -0.0006,  0.0576],
30         [-0.0275,  0.0160,  0.0726, -0.0541, -0.3328, -0.4206, -0.2578],
31         [ 0.0306,  0.0410,  0.0628,  0.2390,  0.4138,  0.3936,  0.1661],
32         [-0.0137, -0.0037, -0.0241, -0.0659, -0.1507, -0.0822, -0.0058]],
33        device='cuda:0')

34 Valid:	 Epoch[001/025] Iteration[010/010] Loss: 0.3193 Acc:89.54%
35 Training:Epoch[002/025] Iteration[010/016] Loss: 0.3626 Acc:86.88%
36 epoch:2 conv1.weights[0, 0, ...] :
37  tensor([[-0.0104, -0.0061, -0.0018,  0.0748,  0.0566,  0.0171, -0.0127],
38         [ 0.0111,  0.0095, -0.1099, -0.2805, -0.2712, -0.1291,  0.0037],
39         [-0.0069,  0.0591,  0.2955,  0.5872,  0.5197,  0.2563,  0.0636],
40         [ 0.0305, -0.0670, -0.2984, -0.4387, -0.2709, -0.0006,  0.0576],
41         [-0.0275,  0.0160,  0.0726, -0.0541, -0.3328, -0.4206, -0.2578],
42         [ 0.0306,  0.0410,  0.0628,  0.2390,  0.4138,  0.3936,  0.1661],
43         [-0.0137, -0.0037, -0.0241, -0.0659, -0.1507, -0.0822, -0.0058]],
44        device='cuda:0')

45 Valid:	 Epoch[002/025] Iteration[010/010] Loss: 0.3723 Acc:85.62%
46 Training:Epoch[003/025] Iteration[010/016] Loss: 0.3287 Acc:85.00%
47 epoch:3 conv1.weights[0, 0, ...] :
48  tensor([[-0.0104, -0.0061, -0.0018,  0.0748,  0.0566,  0.0171, -0.0127],
49         [ 0.0111,  0.0095, -0.1099, -0.2805, -0.2712, -0.1291,  0.0037],
50         [-0.0069,  0.0591,  0.2955,  0.5872,  0.5197,  0.2563,  0.0636],
51         [ 0.0305, -0.0670, -0.2984, -0.4387, -0.2709, -0.0006,  0.0576],
52         [-0.0275,  0.0160,  0.0726, -0.0541, -0.3328, -0.4206, -0.2578],
53         [ 0.0306,  0.0410,  0.0628,  0.2390,  0.4138,  0.3936,  0.1661],
54         [-0.0137, -0.0037, -0.0241, -0.0659, -0.1507, -0.0822, -0.0058]],
55        device='cuda:0')

56 Valid:	 Epoch[003/025] Iteration[010/010] Loss: 0.2290 Acc:92.81%
57 Training:Epoch[004/025] Iteration[010/016] Loss: 0.2759 Acc:87.50%
58 epoch:4 conv1.weights[0, 0, ...] :
59  tensor([[-0.0104, -0.0061, -0.0018,  0.0748,  0.0566,  0.0171, -0.0127],
60         [ 0.0111,  0.0095, -0.1099, -0.2805, -0.2712, -0.1291,  0.0037],
61         [-0.0069,  0.0591,  0.2955,  0.5872,  0.5197,  0.2563,  0.0636],
62         [ 0.0305, -0.0670, -0.2984, -0.4387, -0.2709, -0.0006,  0.0576],
63         [-0.0275,  0.0160,  0.0726, -0.0541, -0.3328, -0.4206, -0.2578],
64         [ 0.0306,  0.0410,  0.0628,  0.2390,  0.4138,  0.3936,  0.1661],
65         [-0.0137, -0.0037, -0.0241, -0.0659, -0.1507, -0.0822, -0.0058]],
66        device='cuda:0')

67 Valid:	 Epoch[004/025] Iteration[010/010] Loss: 0.3224 Acc:87.58%
68 Training:Epoch[005/025] Iteration[010/016] Loss: 0.2117 Acc:91.88%
69 epoch:5 conv1.weights[0, 0, ...] :
70  tensor([[-0.0104, -0.0061, -0.0018,  0.0748,  0.0566,  0.0171, -0.0127],
71         [ 0.0111,  0.0095, -0.1099, -0.2805, -0.2712, -0.1291,  0.0037],
72         [-0.0069,  0.0591,  0.2955,  0.5872,  0.5197,  0.2563,  0.0636],
73         [ 0.0305, -0.0670, -0.2984, -0.4387, -0.2709, -0.0006,  0.0576],
74         [-0.0275,  0.0160,  0.0726, -0.0541, -0.3328, -0.4206, -0.2578],
75         [ 0.0306,  0.0410,  0.0628,  0.2390,  0.4138,  0.3936,  0.1661],
76         [-0.0137, -0.0037, -0.0241, -0.0659, -0.1507, -0.0822, -0.0058]],
77        device='cuda:0')

78 Valid:	 Epoch[005/025] Iteration[010/010] Loss: 0.1995 Acc:96.08%
79 Training:Epoch[006/025] Iteration[010/016] Loss: 0.2634 Acc:88.75%
80 epoch:6 conv1.weights[0, 0, ...] :
81  tensor([[-0.0104, -0.0061, -0.0018,  0.0748,  0.0566,  0.0171, -0.0127],
82         [ 0.0111,  0.0095, -0.1099, -0.2805, -0.2712, -0.1291,  0.0037],
83         [-0.0069,  0.0591,  0.2955,  0.5872,  0.5197,  0.2563,  0.0636],
84         [ 0.0305, -0.0670, -0.2984, -0.4387, -0.2709, -0.0006,  0.0576],
85         [-0.0275,  0.0160,  0.0726, -0.0541, -0.3328, -0.4206, -0.2578],
86         [ 0.0306,  0.0410,  0.0628,  0.2390,  0.4138,  0.3936,  0.1661],
87         [-0.0137, -0.0037, -0.0241, -0.0659, -0.1507, -0.0822, -0.0058]],
88        device='cuda:0')

89 Valid:	 Epoch[006/025] Iteration[010/010] Loss: 0.1981 Acc:95.42%
90 Training:Epoch[007/025] Iteration[010/016] Loss: 0.2249 Acc:90.00%
91 epoch:7 conv1.weights[0, 0, ...] :
92  tensor([[-0.0104, -0.0061, -0.0018,  0.0748,  0.0566,  0.0171, -0.0127],
93         [ 0.0111,  0.0095, -0.1099, -0.2805, -0.2712, -0.1291,  0.0037],
94         [-0.0069,  0.0591,  0.2955,  0.5872,  0.5197,  0.2563,  0.0636],
95         [ 0.0305, -0.0670, -0.2984, -0.4387, -0.2709, -0.0006,  0.0576],
96         [-0.0275,  0.0160,  0.0726, -0.0541, -0.3328, -0.4206, -0.2578],
97         [ 0.0306,  0.0410,  0.0628,  0.2390,  0.4138,  0.3936,  0.1661],
98         [-0.0137, -0.0037, -0.0241, -0.0659, -0.1507, -0.0822, -0.0058]],
99        device='cuda:0')

100 Valid:	 Epoch[007/025] Iteration[010/010] Loss: 0.2104 Acc:94.77%
101 Training:Epoch[008/025] Iteration[010/016] Loss: 0.1861 Acc:93.75%
102 epoch:8 conv1.weights[0, 0, ...] :
103  tensor([[-0.0104, -0.0061, -0.0018,  0.0748,  0.0566,  0.0171, -0.0127],
104         [ 0.0111,  0.0095, -0.1099, -0.2805, -0.2712, -0.1291,  0.0037],
105         [-0.0069,  0.0591,  0.2955,  0.5872,  0.5197,  0.2563,  0.0636],
106         [ 0.0305, -0.0670, -0.2984, -0.4387, -0.2709, -0.0006,  0.0576],
107         [-0.0275,  0.0160,  0.0726, -0.0541, -0.3328, -0.4206, -0.2578],
108         [ 0.0306,  0.0410,  0.0628,  0.2390,  0.4138,  0.3936,  0.1661],
109         [-0.0137, -0.0037, -0.0241, -0.0659, -0.1507, -0.0822, -0.0058]],
110        device='cuda:0')

111 Valid:	 Epoch[008/025] Iteration[010/010] Loss: 0.1959 Acc:95.42%
112 Training:Epoch[009/025] Iteration[010/016] Loss: 0.1646 Acc:94.38%
113 epoch:9 conv1.weights[0, 0, ...] :
114  tensor([[-0.0104, -0.0061, -0.0018,  0.0748,  0.0566,  0.0171, -0.0127],
115         [ 0.0111,  0.0095, -0.1099, -0.2805, -0.2712, -0.1291,  0.0037],
116         [-0.0069,  0.0591,  0.2955,  0.5872,  0.5197,  0.2563,  0.0636],
117         [ 0.0305, -0.0670, -0.2984, -0.4387, -0.2709, -0.0006,  0.0576],
118         [-0.0275,  0.0160,  0.0726, -0.0541, -0.3328, -0.4206, -0.2578],
119         [ 0.0306,  0.0410,  0.0628,  0.2390,  0.4138,  0.3936,  0.1661],
120         [-0.0137, -0.0037, -0.0241, -0.0659, -0.1507, -0.0822, -0.0058]],
121        device='cuda:0')

122 Valid:	 Epoch[009/025] Iteration[010/010] Loss: 0.2053 Acc:95.42%
123 Training:Epoch[010/025] Iteration[010/016] Loss: 0.2117 Acc:91.88%
124 epoch:10 conv1.weights[0, 0, ...] :
125  tensor([[-0.0104, -0.0061, -0.0018,  0.0748,  0.0566,  0.0171, -0.0127],
126         [ 0.0111,  0.0095, -0.1099, -0.2805, -0.2712, -0.1291,  0.0037],
127         [-0.0069,  0.0591,  0.2955,  0.5872,  0.5197,  0.2563,  0.0636],
128         [ 0.0305, -0.0670, -0.2984, -0.4387, -0.2709, -0.0006,  0.0576],
129         [-0.0275,  0.0160,  0.0726, -0.0541, -0.3328, -0.4206, -0.2578],
130         [ 0.0306,  0.0410,  0.0628,  0.2390,  0.4138,  0.3936,  0.1661],
131         [-0.0137, -0.0037, -0.0241, -0.0659, -0.1507, -0.0822, -0.0058]],
132        device='cuda:0')

133 Valid:	 Epoch[010/025] Iteration[010/010] Loss: 0.1883 Acc:95.42%
134 Training:Epoch[011/025] Iteration[010/016] Loss: 0.2264 Acc:88.75%
135 epoch:11 conv1.weights[0, 0, ...] :
136  tensor([[-0.0104, -0.0061, -0.0018,  0.0748,  0.0566,  0.0171, -0.0127],
137         [ 0.0111,  0.0095, -0.1099, -0.2805, -0.2712, -0.1291,  0.0037],
138         [-0.0069,  0.0591,  0.2955,  0.5872,  0.5197,  0.2563,  0.0636],
139         [ 0.0305, -0.0670, -0.2984, -0.4387, -0.2709, -0.0006,  0.0576],
140         [-0.0275,  0.0160,  0.0726, -0.0541, -0.3328, -0.4206, -0.2578],
141         [ 0.0306,  0.0410,  0.0628,  0.2390,  0.4138,  0.3936,  0.1661],
142         [-0.0137, -0.0037, -0.0241, -0.0659, -0.1507, -0.0822, -0.0058]],
143        device='cuda:0')

144 Valid:	 Epoch[011/025] Iteration[010/010] Loss: 0.1934 Acc:95.42%
145 Training:Epoch[012/025] Iteration[010/016] Loss: 0.2289 Acc:90.62%
146 epoch:12 conv1.weights[0, 0, ...] :
147  tensor([[-0.0104, -0.0061, -0.0018,  0.0748,  0.0566,  0.0171, -0.0127],
148         [ 0.0111,  0.0095, -0.1099, -0.2805, -0.2712, -0.1291,  0.0037],
149         [-0.0069,  0.0591,  0.2955,  0.5872,  0.5197,  0.2563,  0.0636],
150         [ 0.0305, -0.0670, -0.2984, -0.4387, -0.2709, -0.0006,  0.0576],
151         [-0.0275,  0.0160,  0.0726, -0.0541, -0.3328, -0.4206, -0.2578],
152         [ 0.0306,  0.0410,  0.0628,  0.2390,  0.4138,  0.3936,  0.1661],
153         [-0.0137, -0.0037, -0.0241, -0.0659, -0.1507, -0.0822, -0.0058]],
154        device='cuda:0')

155 Valid:	 Epoch[012/025] Iteration[010/010] Loss: 0.1969 Acc:95.42%
156 Training:Epoch[013/025] Iteration[010/016] Loss: 0.2078 Acc:89.38%
157 epoch:13 conv1.weights[0, 0, ...] :
158  tensor([[-0.0104, -0.0061, -0.0018,  0.0748,  0.0566,  0.0171, -0.0127],
159         [ 0.0111,  0.0095, -0.1099, -0.2805, -0.2712, -0.1291,  0.0037],
160         [-0.0069,  0.0591,  0.2955,  0.5872,  0.5197,  0.2563,  0.0636],
161         [ 0.0305, -0.0670, -0.2984, -0.4387, -0.2709, -0.0006,  0.0576],
162         [-0.0275,  0.0160,  0.0726, -0.0541, -0.3328, -0.4206, -0.2578],
163         [ 0.0306,  0.0410,  0.0628,  0.2390,  0.4138,  0.3936,  0.1661],
164         [-0.0137, -0.0037, -0.0241, -0.0659, -0.1507, -0.0822, -0.0058]],
165        device='cuda:0')

166 Valid:	 Epoch[013/025] Iteration[010/010] Loss: 0.1988 Acc:95.42%
167 Training:Epoch[014/025] Iteration[010/016] Loss: 0.1927 Acc:94.38%
168 epoch:14 conv1.weights[0, 0, ...] :
169  tensor([[-0.0104, -0.0061, -0.0018,  0.0748,  0.0566,  0.0171, -0.0127],
170         [ 0.0111,  0.0095, -0.1099, -0.2805, -0.2712, -0.1291,  0.0037],
171         [-0.0069,  0.0591,  0.2955,  0.5872,  0.5197,  0.2563,  0.0636],
172         [ 0.0305, -0.0670, -0.2984, -0.4387, -0.2709, -0.0006,  0.0576],
173         [-0.0275,  0.0160,  0.0726, -0.0541, -0.3328, -0.4206, -0.2578],
174         [ 0.0306,  0.0410,  0.0628,  0.2390,  0.4138,  0.3936,  0.1661],
175         [-0.0137, -0.0037, -0.0241, -0.0659, -0.1507, -0.0822, -0.0058]],
176        device='cuda:0')

177 Valid:	 Epoch[014/025] Iteration[010/010] Loss: 0.1928 Acc:96.08%
178 Training:Epoch[015/025] Iteration[010/016] Loss: 0.1994 Acc:92.50%
179 epoch:15 conv1.weights[0, 0, ...] :
180  tensor([[-0.0104, -0.0061, -0.0018,  0.0748,  0.0566,  0.0171, -0.0127],
181         [ 0.0111,  0.0095, -0.1099, -0.2805, -0.2712, -0.1291,  0.0037],
182         [-0.0069,  0.0591,  0.2955,  0.5872,  0.5197,  0.2563,  0.0636],
183         [ 0.0305, -0.0670, -0.2984, -0.4387, -0.2709, -0.0006,  0.0576],
184         [-0.0275,  0.0160,  0.0726, -0.0541, -0.3328, -0.4206, -0.2578],
185         [ 0.0306,  0.0410,  0.0628,  0.2390,  0.4138,  0.3936,  0.1661],
186         [-0.0137, -0.0037, -0.0241, -0.0659, -0.1507, -0.0822, -0.0058]],
187        device='cuda:0')

188 Valid:	 Epoch[015/025] Iteration[010/010] Loss: 0.1974 Acc:96.08%
189 Training:Epoch[016/025] Iteration[010/016] Loss: 0.1810 Acc:93.75%
190 epoch:16 conv1.weights[0, 0, ...] :
191  tensor([[-0.0104, -0.0061, -0.0018,  0.0748,  0.0566,  0.0171, -0.0127],
192         [ 0.0111,  0.0095, -0.1099, -0.2805, -0.2712, -0.1291,  0.0037],
193         [-0.0069,  0.0591,  0.2955,  0.5872,  0.5197,  0.2563,  0.0636],
194         [ 0.0305, -0.0670, -0.2984, -0.4387, -0.2709, -0.0006,  0.0576],
195         [-0.0275,  0.0160,  0.0726, -0.0541, -0.3328, -0.4206, -0.2578],
196         [ 0.0306,  0.0410,  0.0628,  0.2390,  0.4138,  0.3936,  0.1661],
197         [-0.0137, -0.0037, -0.0241, -0.0659, -0.1507, -0.0822, -0.0058]],
198        device='cuda:0')

199 Valid:	 Epoch[016/025] Iteration[010/010] Loss: 0.2001 Acc:95.42%
200 Training:Epoch[017/025] Iteration[010/016] Loss: 0.1924 Acc:92.50%
201 epoch:17 conv1.weights[0, 0, ...] :
202  tensor([[-0.0104, -0.0061, -0.0018,  0.0748,  0.0566,  0.0171, -0.0127],
203         [ 0.0111,  0.0095, -0.1099, -0.2805, -0.2712, -0.1291,  0.0037],
204         [-0.0069,  0.0591,  0.2955,  0.5872,  0.5197,  0.2563,  0.0636],
205         [ 0.0305, -0.0670, -0.2984, -0.4387, -0.2709, -0.0006,  0.0576],
206         [-0.0275,  0.0160,  0.0726, -0.0541, -0.3328, -0.4206, -0.2578],
207         [ 0.0306,  0.0410,  0.0628,  0.2390,  0.4138,  0.3936,  0.1661],
208         [-0.0137, -0.0037, -0.0241, -0.0659, -0.1507, -0.0822, -0.0058]],
209        device='cuda:0')

210 Valid:	 Epoch[017/025] Iteration[010/010] Loss: 0.1902 Acc:95.42%
211 Training:Epoch[018/025] Iteration[010/016] Loss: 0.2048 Acc:92.50%
212 epoch:18 conv1.weights[0, 0, ...] :
213  tensor([[-0.0104, -0.0061, -0.0018,  0.0748,  0.0566,  0.0171, -0.0127],
214         [ 0.0111,  0.0095, -0.1099, -0.2805, -0.2712, -0.1291,  0.0037],
215         [-0.0069,  0.0591,  0.2955,  0.5872,  0.5197,  0.2563,  0.0636],
216         [ 0.0305, -0.0670, -0.2984, -0.4387, -0.2709, -0.0006,  0.0576],
217         [-0.0275,  0.0160,  0.0726, -0.0541, -0.3328, -0.4206, -0.2578],
218         [ 0.0306,  0.0410,  0.0628,  0.2390,  0.4138,  0.3936,  0.1661],
219         [-0.0137, -0.0037, -0.0241, -0.0659, -0.1507, -0.0822, -0.0058]],
220        device='cuda:0')

221 Valid:	 Epoch[018/025] Iteration[010/010] Loss: 0.1937 Acc:94.77%
222 Training:Epoch[019/025] Iteration[010/016] Loss: 0.1854 Acc:94.38%
223 epoch:19 conv1.weights[0, 0, ...] :
224  tensor([[-0.0104, -0.0061, -0.0018,  0.0748,  0.0566,  0.0171, -0.0127],
225         [ 0.0111,  0.0095, -0.1099, -0.2805, -0.2712, -0.1291,  0.0037],
226         [-0.0069,  0.0591,  0.2955,  0.5872,  0.5197,  0.2563,  0.0636],
227         [ 0.0305, -0.0670, -0.2984, -0.4387, -0.2709, -0.0006,  0.0576],
228         [-0.0275,  0.0160,  0.0726, -0.0541, -0.3328, -0.4206, -0.2578],
229         [ 0.0306,  0.0410,  0.0628,  0.2390,  0.4138,  0.3936,  0.1661],
230         [-0.0137, -0.0037, -0.0241, -0.0659, -0.1507, -0.0822, -0.0058]],
231        device='cuda:0')

232 Valid:	 Epoch[019/025] Iteration[010/010] Loss: 0.1922 Acc:96.08%
233 Training:Epoch[020/025] Iteration[010/016] Loss: 0.1633 Acc:94.38%
234 epoch:20 conv1.weights[0, 0, ...] :
235  tensor([[-0.0104, -0.0061, -0.0018,  0.0748,  0.0566,  0.0171, -0.0127],
236         [ 0.0111,  0.0095, -0.1099, -0.2805, -0.2712, -0.1291,  0.0037],
237         [-0.0069,  0.0591,  0.2955,  0.5872,  0.5197,  0.2563,  0.0636],
238         [ 0.0305, -0.0670, -0.2984, -0.4387, -0.2709, -0.0006,  0.0576],
239         [-0.0275,  0.0160,  0.0726, -0.0541, -0.3328, -0.4206, -0.2578],
240         [ 0.0306,  0.0410,  0.0628,  0.2390,  0.4138,  0.3936,  0.1661],
241         [-0.0137, -0.0037, -0.0241, -0.0659, -0.1507, -0.0822, -0.0058]],
242        device='cuda:0')

243 Valid:	 Epoch[020/025] Iteration[010/010] Loss: 0.2050 Acc:95.42%
244 Training:Epoch[021/025] Iteration[010/016] Loss: 0.1712 Acc:95.62%
245 epoch:21 conv1.weights[0, 0, ...] :
246  tensor([[-0.0104, -0.0061, -0.0018,  0.0748,  0.0566,  0.0171, -0.0127],
247         [ 0.0111,  0.0095, -0.1099, -0.2805, -0.2712, -0.1291,  0.0037],
248         [-0.0069,  0.0591,  0.2955,  0.5872,  0.5197,  0.2563,  0.0636],
249         [ 0.0305, -0.0670, -0.2984, -0.4387, -0.2709, -0.0006,  0.0576],
250         [-0.0275,  0.0160,  0.0726, -0.0541, -0.3328, -0.4206, -0.2578],
251         [ 0.0306,  0.0410,  0.0628,  0.2390,  0.4138,  0.3936,  0.1661],
252         [-0.0137, -0.0037, -0.0241, -0.0659, -0.1507, -0.0822, -0.0058]],
253        device='cuda:0')

254 Valid:	 Epoch[021/025] Iteration[010/010] Loss: 0.2063 Acc:94.12%
255 Training:Epoch[022/025] Iteration[010/016] Loss: 0.1832 Acc:93.12%
256 epoch:22 conv1.weights[0, 0, ...] :
257  tensor([[-0.0104, -0.0061, -0.0018,  0.0748,  0.0566,  0.0171, -0.0127],
258         [ 0.0111,  0.0095, -0.1099, -0.2805, -0.2712, -0.1291,  0.0037],
259         [-0.0069,  0.0591,  0.2955,  0.5872,  0.5197,  0.2563,  0.0636],
260         [ 0.0305, -0.0670, -0.2984, -0.4387, -0.2709, -0.0006,  0.0576],
261         [-0.0275,  0.0160,  0.0726, -0.0541, -0.3328, -0.4206, -0.2578],
262         [ 0.0306,  0.0410,  0.0628,  0.2390,  0.4138,  0.3936,  0.1661],
263         [-0.0137, -0.0037, -0.0241, -0.0659, -0.1507, -0.0822, -0.0058]],
264        device='cuda:0')

265 Valid:	 Epoch[022/025] Iteration[010/010] Loss: 0.2020 Acc:95.42%
266 Training:Epoch[023/025] Iteration[010/016] Loss: 0.2323 Acc:90.62%
267 epoch:23 conv1.weights[0, 0, ...] :
268  tensor([[-0.0104, -0.0061, -0.0018,  0.0748,  0.0566,  0.0171, -0.0127],
269         [ 0.0111,  0.0095, -0.1099, -0.2805, -0.2712, -0.1291,  0.0037],
270         [-0.0069,  0.0591,  0.2955,  0.5872,  0.5197,  0.2563,  0.0636],
271         [ 0.0305, -0.0670, -0.2984, -0.4387, -0.2709, -0.0006,  0.0576],
272         [-0.0275,  0.0160,  0.0726, -0.0541, -0.3328, -0.4206, -0.2578],
273         [ 0.0306,  0.0410,  0.0628,  0.2390,  0.4138,  0.3936,  0.1661],
274         [-0.0137, -0.0037, -0.0241, -0.0659, -0.1507, -0.0822, -0.0058]],
275        device='cuda:0')

276 Valid:	 Epoch[023/025] Iteration[010/010] Loss: 0.1982 Acc:96.08%
277 Training:Epoch[024/025] Iteration[010/016] Loss: 0.2176 Acc:91.88%
278 epoch:24 conv1.weights[0, 0, ...] :
279  tensor([[-0.0104, -0.0061, -0.0018,  0.0748,  0.0566,  0.0171, -0.0127],
280         [ 0.0111,  0.0095, -0.1099, -0.2805, -0.2712, -0.1291,  0.0037],
281         [-0.0069,  0.0591,  0.2955,  0.5872,  0.5197,  0.2563,  0.0636],
282         [ 0.0305, -0.0670, -0.2984, -0.4387, -0.2709, -0.0006,  0.0576],
283         [-0.0275,  0.0160,  0.0726, -0.0541, -0.3328, -0.4206, -0.2578],
284         [ 0.0306,  0.0410,  0.0628,  0.2390,  0.4138,  0.3936,  0.1661],
285         [-0.0137, -0.0037, -0.0241, -0.0659, -0.1507, -0.0822, -0.0058]],
286        device='cuda:0')

287 Valid:	 Epoch[024/025] Iteration[010/010] Loss: 0.1935 Acc:95.42%
288 [SwanLab-INFO]:        The current experiment finetune_resnet-18_freeze_Mar06_19-30-39 has been completed, SwanLab will close it automatically
